The system is: Linux - 3.10.0-514.2.2.el7.x86_64 - x86_64
Compiling the C compiler identification source file "CMakeCCompilerId.c" succeeded.
Compiler: /usr/bin/cc 
Build flags: 
Id flags:  

The output was:
0


Compilation of the C compiler identification source "CMakeCCompilerId.c" produced "a.out"

The C compiler identification is GNU, found in "/home/abhik/code/DataCompression/c/compressors/snappy-master/build/CMakeFiles/3.11.0-rc2/CompilerIdC/a.out"

Compiling the CXX compiler identification source file "CMakeCXXCompilerId.cpp" succeeded.
Compiler: /usr/bin/c++ 
Build flags: 
Id flags:  

The output was:
0


Compilation of the CXX compiler identification source "CMakeCXXCompilerId.cpp" produced "a.out"

The CXX compiler identification is GNU, found in "/home/abhik/code/DataCompression/c/compressors/snappy-master/build/CMakeFiles/3.11.0-rc2/CompilerIdCXX/a.out"

Determining if the C compiler works passed with the following output:
Change Dir: /home/abhik/code/DataCompression/c/compressors/snappy-master/build/CMakeFiles/CMakeTmp

Run Build Command:"/usr/bin/gmake" "cmTC_b30b6/fast"
/usr/bin/gmake -f CMakeFiles/cmTC_b30b6.dir/build.make CMakeFiles/cmTC_b30b6.dir/build
gmake[1]: Entering directory `/home/abhik/code/DataCompression/c/compressors/snappy-master/build/CMakeFiles/CMakeTmp'
Building C object CMakeFiles/cmTC_b30b6.dir/testCCompiler.c.o
/usr/bin/cc    -o CMakeFiles/cmTC_b30b6.dir/testCCompiler.c.o   -c /home/abhik/code/DataCompression/c/compressors/snappy-master/build/CMakeFiles/CMakeTmp/testCCompiler.c
Linking C executable cmTC_b30b6
/usr/local/bin/cmake -E cmake_link_script CMakeFiles/cmTC_b30b6.dir/link.txt --verbose=1
/usr/bin/cc      -rdynamic CMakeFiles/cmTC_b30b6.dir/testCCompiler.c.o  -o cmTC_b30b6 
gmake[1]: Leaving directory `/home/abhik/code/DataCompression/c/compressors/snappy-master/build/CMakeFiles/CMakeTmp'


Detecting C compiler ABI info compiled with the following output:
Change Dir: /home/abhik/code/DataCompression/c/compressors/snappy-master/build/CMakeFiles/CMakeTmp

Run Build Command:"/usr/bin/gmake" "cmTC_39473/fast"
/usr/bin/gmake -f CMakeFiles/cmTC_39473.dir/build.make CMakeFiles/cmTC_39473.dir/build
gmake[1]: Entering directory `/home/abhik/code/DataCompression/c/compressors/snappy-master/build/CMakeFiles/CMakeTmp'
Building C object CMakeFiles/cmTC_39473.dir/CMakeCCompilerABI.c.o
/usr/bin/cc    -o CMakeFiles/cmTC_39473.dir/CMakeCCompilerABI.c.o   -c /usr/local/share/cmake-3.11/Modules/CMakeCCompilerABI.c
Linking C executable cmTC_39473
/usr/local/bin/cmake -E cmake_link_script CMakeFiles/cmTC_39473.dir/link.txt --verbose=1
/usr/bin/cc     -v -rdynamic CMakeFiles/cmTC_39473.dir/CMakeCCompilerABI.c.o  -o cmTC_39473 
Using built-in specs.
COLLECT_GCC=/usr/bin/cc
COLLECT_LTO_WRAPPER=/usr/libexec/gcc/x86_64-redhat-linux/4.8.5/lto-wrapper
Target: x86_64-redhat-linux
Configured with: ../configure --prefix=/usr --mandir=/usr/share/man --infodir=/usr/share/info --with-bugurl=http://bugzilla.redhat.com/bugzilla --enable-bootstrap --enable-shared --enable-threads=posix --enable-checking=release --with-system-zlib --enable-__cxa_atexit --disable-libunwind-exceptions --enable-gnu-unique-object --enable-linker-build-id --with-linker-hash-style=gnu --enable-languages=c,c++,objc,obj-c++,java,fortran,ada,go,lto --enable-plugin --enable-initfini-array --disable-libgcj --with-isl=/builddir/build/BUILD/gcc-4.8.5-20150702/obj-x86_64-redhat-linux/isl-install --with-cloog=/builddir/build/BUILD/gcc-4.8.5-20150702/obj-x86_64-redhat-linux/cloog-install --enable-gnu-indirect-function --with-tune=generic --with-arch_32=x86-64 --build=x86_64-redhat-linux
Thread model: posix
gcc version 4.8.5 20150623 (Red Hat 4.8.5-11) (GCC) 
COMPILER_PATH=/usr/libexec/gcc/x86_64-redhat-linux/4.8.5/:/usr/libexec/gcc/x86_64-redhat-linux/4.8.5/:/usr/libexec/gcc/x86_64-redhat-linux/:/usr/lib/gcc/x86_64-redhat-linux/4.8.5/:/usr/lib/gcc/x86_64-redhat-linux/
LIBRARY_PATH=/usr/lib/gcc/x86_64-redhat-linux/4.8.5/:/usr/lib/gcc/x86_64-redhat-linux/4.8.5/../../../../lib64/:/lib/../lib64/:/usr/lib/../lib64/:/usr/lib/gcc/x86_64-redhat-linux/4.8.5/../../../:/lib/:/usr/lib/
COLLECT_GCC_OPTIONS='-v' '-rdynamic' '-o' 'cmTC_39473' '-mtune=generic' '-march=x86-64'
 /usr/libexec/gcc/x86_64-redhat-linux/4.8.5/collect2 --build-id --no-add-needed --eh-frame-hdr --hash-style=gnu -m elf_x86_64 -export-dynamic -dynamic-linker /lib64/ld-linux-x86-64.so.2 -o cmTC_39473 /usr/lib/gcc/x86_64-redhat-linux/4.8.5/../../../../lib64/crt1.o /usr/lib/gcc/x86_64-redhat-linux/4.8.5/../../../../lib64/crti.o /usr/lib/gcc/x86_64-redhat-linux/4.8.5/crtbegin.o -L/usr/lib/gcc/x86_64-redhat-linux/4.8.5 -L/usr/lib/gcc/x86_64-redhat-linux/4.8.5/../../../../lib64 -L/lib/../lib64 -L/usr/lib/../lib64 -L/usr/lib/gcc/x86_64-redhat-linux/4.8.5/../../.. CMakeFiles/cmTC_39473.dir/CMakeCCompilerABI.c.o -lgcc --as-needed -lgcc_s --no-as-needed -lc -lgcc --as-needed -lgcc_s --no-as-needed /usr/lib/gcc/x86_64-redhat-linux/4.8.5/crtend.o /usr/lib/gcc/x86_64-redhat-linux/4.8.5/../../../../lib64/crtn.o
gmake[1]: Leaving directory `/home/abhik/code/DataCompression/c/compressors/snappy-master/build/CMakeFiles/CMakeTmp'


Parsed C implicit link information from above output:
  link line regex: [^( *|.*[/\])(ld|CMAKE_LINK_STARTFILE-NOTFOUND|([^/\]+-)?ld|collect2)[^/\]*( |$)]
  ignore line: [Change Dir: /home/abhik/code/DataCompression/c/compressors/snappy-master/build/CMakeFiles/CMakeTmp]
  ignore line: []
  ignore line: [Run Build Command:"/usr/bin/gmake" "cmTC_39473/fast"]
  ignore line: [/usr/bin/gmake -f CMakeFiles/cmTC_39473.dir/build.make CMakeFiles/cmTC_39473.dir/build]
  ignore line: [gmake[1]: Entering directory `/home/abhik/code/DataCompression/c/compressors/snappy-master/build/CMakeFiles/CMakeTmp']
  ignore line: [Building C object CMakeFiles/cmTC_39473.dir/CMakeCCompilerABI.c.o]
  ignore line: [/usr/bin/cc    -o CMakeFiles/cmTC_39473.dir/CMakeCCompilerABI.c.o   -c /usr/local/share/cmake-3.11/Modules/CMakeCCompilerABI.c]
  ignore line: [Linking C executable cmTC_39473]
  ignore line: [/usr/local/bin/cmake -E cmake_link_script CMakeFiles/cmTC_39473.dir/link.txt --verbose=1]
  ignore line: [/usr/bin/cc     -v -rdynamic CMakeFiles/cmTC_39473.dir/CMakeCCompilerABI.c.o  -o cmTC_39473 ]
  ignore line: [Using built-in specs.]
  ignore line: [COLLECT_GCC=/usr/bin/cc]
  ignore line: [COLLECT_LTO_WRAPPER=/usr/libexec/gcc/x86_64-redhat-linux/4.8.5/lto-wrapper]
  ignore line: [Target: x86_64-redhat-linux]
  ignore line: [Configured with: ../configure --prefix=/usr --mandir=/usr/share/man --infodir=/usr/share/info --with-bugurl=http://bugzilla.redhat.com/bugzilla --enable-bootstrap --enable-shared --enable-threads=posix --enable-checking=release --with-system-zlib --enable-__cxa_atexit --disable-libunwind-exceptions --enable-gnu-unique-object --enable-linker-build-id --with-linker-hash-style=gnu --enable-languages=c,c++,objc,obj-c++,java,fortran,ada,go,lto --enable-plugin --enable-initfini-array --disable-libgcj --with-isl=/builddir/build/BUILD/gcc-4.8.5-20150702/obj-x86_64-redhat-linux/isl-install --with-cloog=/builddir/build/BUILD/gcc-4.8.5-20150702/obj-x86_64-redhat-linux/cloog-install --enable-gnu-indirect-function --with-tune=generic --with-arch_32=x86-64 --build=x86_64-redhat-linux]
  ignore line: [Thread model: posix]
  ignore line: [gcc version 4.8.5 20150623 (Red Hat 4.8.5-11) (GCC) ]
  ignore line: [COMPILER_PATH=/usr/libexec/gcc/x86_64-redhat-linux/4.8.5/:/usr/libexec/gcc/x86_64-redhat-linux/4.8.5/:/usr/libexec/gcc/x86_64-redhat-linux/:/usr/lib/gcc/x86_64-redhat-linux/4.8.5/:/usr/lib/gcc/x86_64-redhat-linux/]
  ignore line: [LIBRARY_PATH=/usr/lib/gcc/x86_64-redhat-linux/4.8.5/:/usr/lib/gcc/x86_64-redhat-linux/4.8.5/../../../../lib64/:/lib/../lib64/:/usr/lib/../lib64/:/usr/lib/gcc/x86_64-redhat-linux/4.8.5/../../../:/lib/:/usr/lib/]
  ignore line: [COLLECT_GCC_OPTIONS='-v' '-rdynamic' '-o' 'cmTC_39473' '-mtune=generic' '-march=x86-64']
  link line: [ /usr/libexec/gcc/x86_64-redhat-linux/4.8.5/collect2 --build-id --no-add-needed --eh-frame-hdr --hash-style=gnu -m elf_x86_64 -export-dynamic -dynamic-linker /lib64/ld-linux-x86-64.so.2 -o cmTC_39473 /usr/lib/gcc/x86_64-redhat-linux/4.8.5/../../../../lib64/crt1.o /usr/lib/gcc/x86_64-redhat-linux/4.8.5/../../../../lib64/crti.o /usr/lib/gcc/x86_64-redhat-linux/4.8.5/crtbegin.o -L/usr/lib/gcc/x86_64-redhat-linux/4.8.5 -L/usr/lib/gcc/x86_64-redhat-linux/4.8.5/../../../../lib64 -L/lib/../lib64 -L/usr/lib/../lib64 -L/usr/lib/gcc/x86_64-redhat-linux/4.8.5/../../.. CMakeFiles/cmTC_39473.dir/CMakeCCompilerABI.c.o -lgcc --as-needed -lgcc_s --no-as-needed -lc -lgcc --as-needed -lgcc_s --no-as-needed /usr/lib/gcc/x86_64-redhat-linux/4.8.5/crtend.o /usr/lib/gcc/x86_64-redhat-linux/4.8.5/../../../../lib64/crtn.o]
    arg [/usr/libexec/gcc/x86_64-redhat-linux/4.8.5/collect2] ==> ignore
    arg [--build-id] ==> ignore
    arg [--no-add-needed] ==> ignore
    arg [--eh-frame-hdr] ==> ignore
    arg [--hash-style=gnu] ==> ignore
    arg [-m] ==> ignore
    arg [elf_x86_64] ==> ignore
    arg [-export-dynamic] ==> ignore
    arg [-dynamic-linker] ==> ignore
    arg [/lib64/ld-linux-x86-64.so.2] ==> ignore
    arg [-o] ==> ignore
    arg [cmTC_39473] ==> ignore
    arg [/usr/lib/gcc/x86_64-redhat-linux/4.8.5/../../../../lib64/crt1.o] ==> ignore
    arg [/usr/lib/gcc/x86_64-redhat-linux/4.8.5/../../../../lib64/crti.o] ==> ignore
    arg [/usr/lib/gcc/x86_64-redhat-linux/4.8.5/crtbegin.o] ==> ignore
    arg [-L/usr/lib/gcc/x86_64-redhat-linux/4.8.5] ==> dir [/usr/lib/gcc/x86_64-redhat-linux/4.8.5]
    arg [-L/usr/lib/gcc/x86_64-redhat-linux/4.8.5/../../../../lib64] ==> dir [/usr/lib/gcc/x86_64-redhat-linux/4.8.5/../../../../lib64]
    arg [-L/lib/../lib64] ==> dir [/lib/../lib64]
    arg [-L/usr/lib/../lib64] ==> dir [/usr/lib/../lib64]
    arg [-L/usr/lib/gcc/x86_64-redhat-linux/4.8.5/../../..] ==> dir [/usr/lib/gcc/x86_64-redhat-linux/4.8.5/../../..]
    arg [CMakeFiles/cmTC_39473.dir/CMakeCCompilerABI.c.o] ==> ignore
    arg [-lgcc] ==> lib [gcc]
    arg [--as-needed] ==> ignore
    arg [-lgcc_s] ==> lib [gcc_s]
    arg [--no-as-needed] ==> ignore
    arg [-lc] ==> lib [c]
    arg [-lgcc] ==> lib [gcc]
    arg [--as-needed] ==> ignore
    arg [-lgcc_s] ==> lib [gcc_s]
    arg [--no-as-needed] ==> ignore
    arg [/usr/lib/gcc/x86_64-redhat-linux/4.8.5/crtend.o] ==> ignore
    arg [/usr/lib/gcc/x86_64-redhat-linux/4.8.5/../../../../lib64/crtn.o] ==> ignore
  collapse library dir [/usr/lib/gcc/x86_64-redhat-linux/4.8.5] ==> [/usr/lib/gcc/x86_64-redhat-linux/4.8.5]
  collapse library dir [/usr/lib/gcc/x86_64-redhat-linux/4.8.5/../../../../lib64] ==> [/usr/lib64]
  collapse library dir [/lib/../lib64] ==> [/lib64]
  collapse library dir [/usr/lib/../lib64] ==> [/usr/lib64]
  collapse library dir [/usr/lib/gcc/x86_64-redhat-linux/4.8.5/../../..] ==> [/usr/lib]
  implicit libs: [gcc;gcc_s;c;gcc;gcc_s]
  implicit dirs: [/usr/lib/gcc/x86_64-redhat-linux/4.8.5;/usr/lib64;/lib64;/usr/lib]
  implicit fwks: []




Detecting C [-std=c11] compiler features compiled with the following output:
Change Dir: /home/abhik/code/DataCompression/c/compressors/snappy-master/build/CMakeFiles/CMakeTmp

Run Build Command:"/usr/bin/gmake" "cmTC_7ce6f/fast"
/usr/bin/gmake -f CMakeFiles/cmTC_7ce6f.dir/build.make CMakeFiles/cmTC_7ce6f.dir/build
gmake[1]: Entering directory `/home/abhik/code/DataCompression/c/compressors/snappy-master/build/CMakeFiles/CMakeTmp'
Building C object CMakeFiles/cmTC_7ce6f.dir/feature_tests.c.o
/usr/bin/cc   -std=c11 -o CMakeFiles/cmTC_7ce6f.dir/feature_tests.c.o   -c /home/abhik/code/DataCompression/c/compressors/snappy-master/build/CMakeFiles/feature_tests.c
Linking C executable cmTC_7ce6f
/usr/local/bin/cmake -E cmake_link_script CMakeFiles/cmTC_7ce6f.dir/link.txt --verbose=1
/usr/bin/cc      -rdynamic CMakeFiles/cmTC_7ce6f.dir/feature_tests.c.o  -o cmTC_7ce6f 
gmake[1]: Leaving directory `/home/abhik/code/DataCompression/c/compressors/snappy-master/build/CMakeFiles/CMakeTmp'


    Feature record: C_FEATURE:1c_function_prototypes
    Feature record: C_FEATURE:1c_restrict
    Feature record: C_FEATURE:1c_static_assert
    Feature record: C_FEATURE:1c_variadic_macros


Detecting C [-std=c99] compiler features compiled with the following output:
Change Dir: /home/abhik/code/DataCompression/c/compressors/snappy-master/build/CMakeFiles/CMakeTmp

Run Build Command:"/usr/bin/gmake" "cmTC_47028/fast"
/usr/bin/gmake -f CMakeFiles/cmTC_47028.dir/build.make CMakeFiles/cmTC_47028.dir/build
gmake[1]: Entering directory `/home/abhik/code/DataCompression/c/compressors/snappy-master/build/CMakeFiles/CMakeTmp'
Building C object CMakeFiles/cmTC_47028.dir/feature_tests.c.o
/usr/bin/cc   -std=c99 -o CMakeFiles/cmTC_47028.dir/feature_tests.c.o   -c /home/abhik/code/DataCompression/c/compressors/snappy-master/build/CMakeFiles/feature_tests.c
Linking C executable cmTC_47028
/usr/local/bin/cmake -E cmake_link_script CMakeFiles/cmTC_47028.dir/link.txt --verbose=1
/usr/bin/cc      -rdynamic CMakeFiles/cmTC_47028.dir/feature_tests.c.o  -o cmTC_47028 
gmake[1]: Leaving directory `/home/abhik/code/DataCompression/c/compressors/snappy-master/build/CMakeFiles/CMakeTmp'


    Feature record: C_FEATURE:1c_function_prototypes
    Feature record: C_FEATURE:1c_restrict
    Feature record: C_FEATURE:0c_static_assert
    Feature record: C_FEATURE:1c_variadic_macros


Detecting C [-std=c90] compiler features compiled with the following output:
Change Dir: /home/abhik/code/DataCompression/c/compressors/snappy-master/build/CMakeFiles/CMakeTmp

Run Build Command:"/usr/bin/gmake" "cmTC_bfb0f/fast"
/usr/bin/gmake -f CMakeFiles/cmTC_bfb0f.dir/build.make CMakeFiles/cmTC_bfb0f.dir/build
gmake[1]: Entering directory `/home/abhik/code/DataCompression/c/compressors/snappy-master/build/CMakeFiles/CMakeTmp'
Building C object CMakeFiles/cmTC_bfb0f.dir/feature_tests.c.o
/usr/bin/cc   -std=c90 -o CMakeFiles/cmTC_bfb0f.dir/feature_tests.c.o   -c /home/abhik/code/DataCompression/c/compressors/snappy-master/build/CMakeFiles/feature_tests.c
Linking C executable cmTC_bfb0f
/usr/local/bin/cmake -E cmake_link_script CMakeFiles/cmTC_bfb0f.dir/link.txt --verbose=1
/usr/bin/cc      -rdynamic CMakeFiles/cmTC_bfb0f.dir/feature_tests.c.o  -o cmTC_bfb0f 
gmake[1]: Leaving directory `/home/abhik/code/DataCompression/c/compressors/snappy-master/build/CMakeFiles/CMakeTmp'


    Feature record: C_FEATURE:1c_function_prototypes
    Feature record: C_FEATURE:0c_restrict
    Feature record: C_FEATURE:0c_static_assert
    Feature record: C_FEATURE:0c_variadic_macros
Determining if the CXX compiler works passed with the following output:
Change Dir: /home/abhik/code/DataCompression/c/compressors/snappy-master/build/CMakeFiles/CMakeTmp

Run Build Command:"/usr/bin/gmake" "cmTC_dfd5e/fast"
/usr/bin/gmake -f CMakeFiles/cmTC_dfd5e.dir/build.make CMakeFiles/cmTC_dfd5e.dir/build
gmake[1]: Entering directory `/home/abhik/code/DataCompression/c/compressors/snappy-master/build/CMakeFiles/CMakeTmp'
Building CXX object CMakeFiles/cmTC_dfd5e.dir/testCXXCompiler.cxx.o
/usr/bin/c++     -o CMakeFiles/cmTC_dfd5e.dir/testCXXCompiler.cxx.o -c /home/abhik/code/DataCompression/c/compressors/snappy-master/build/CMakeFiles/CMakeTmp/testCXXCompiler.cxx
Linking CXX executable cmTC_dfd5e
/usr/local/bin/cmake -E cmake_link_script CMakeFiles/cmTC_dfd5e.dir/link.txt --verbose=1
/usr/bin/c++       -rdynamic CMakeFiles/cmTC_dfd5e.dir/testCXXCompiler.cxx.o  -o cmTC_dfd5e 
gmake[1]: Leaving directory `/home/abhik/code/DataCompression/c/compressors/snappy-master/build/CMakeFiles/CMakeTmp'


Detecting CXX compiler ABI info compiled with the following output:
Change Dir: /home/abhik/code/DataCompression/c/compressors/snappy-master/build/CMakeFiles/CMakeTmp

Run Build Command:"/usr/bin/gmake" "cmTC_1d197/fast"
/usr/bin/gmake -f CMakeFiles/cmTC_1d197.dir/build.make CMakeFiles/cmTC_1d197.dir/build
gmake[1]: Entering directory `/home/abhik/code/DataCompression/c/compressors/snappy-master/build/CMakeFiles/CMakeTmp'
Building CXX object CMakeFiles/cmTC_1d197.dir/CMakeCXXCompilerABI.cpp.o
/usr/bin/c++     -o CMakeFiles/cmTC_1d197.dir/CMakeCXXCompilerABI.cpp.o -c /usr/local/share/cmake-3.11/Modules/CMakeCXXCompilerABI.cpp
Linking CXX executable cmTC_1d197
/usr/local/bin/cmake -E cmake_link_script CMakeFiles/cmTC_1d197.dir/link.txt --verbose=1
/usr/bin/c++      -v -rdynamic CMakeFiles/cmTC_1d197.dir/CMakeCXXCompilerABI.cpp.o  -o cmTC_1d197 
Using built-in specs.
COLLECT_GCC=/usr/bin/c++
COLLECT_LTO_WRAPPER=/usr/libexec/gcc/x86_64-redhat-linux/4.8.5/lto-wrapper
Target: x86_64-redhat-linux
Configured with: ../configure --prefix=/usr --mandir=/usr/share/man --infodir=/usr/share/info --with-bugurl=http://bugzilla.redhat.com/bugzilla --enable-bootstrap --enable-shared --enable-threads=posix --enable-checking=release --with-system-zlib --enable-__cxa_atexit --disable-libunwind-exceptions --enable-gnu-unique-object --enable-linker-build-id --with-linker-hash-style=gnu --enable-languages=c,c++,objc,obj-c++,java,fortran,ada,go,lto --enable-plugin --enable-initfini-array --disable-libgcj --with-isl=/builddir/build/BUILD/gcc-4.8.5-20150702/obj-x86_64-redhat-linux/isl-install --with-cloog=/builddir/build/BUILD/gcc-4.8.5-20150702/obj-x86_64-redhat-linux/cloog-install --enable-gnu-indirect-function --with-tune=generic --with-arch_32=x86-64 --build=x86_64-redhat-linux
Thread model: posix
gcc version 4.8.5 20150623 (Red Hat 4.8.5-11) (GCC) 
COMPILER_PATH=/usr/libexec/gcc/x86_64-redhat-linux/4.8.5/:/usr/libexec/gcc/x86_64-redhat-linux/4.8.5/:/usr/libexec/gcc/x86_64-redhat-linux/:/usr/lib/gcc/x86_64-redhat-linux/4.8.5/:/usr/lib/gcc/x86_64-redhat-linux/
LIBRARY_PATH=/usr/lib/gcc/x86_64-redhat-linux/4.8.5/:/usr/lib/gcc/x86_64-redhat-linux/4.8.5/../../../../lib64/:/lib/../lib64/:/usr/lib/../lib64/:/usr/lib/gcc/x86_64-redhat-linux/4.8.5/../../../:/lib/:/usr/lib/
COLLECT_GCC_OPTIONS='-v' '-rdynamic' '-o' 'cmTC_1d197' '-shared-libgcc' '-mtune=generic' '-march=x86-64'
 /usr/libexec/gcc/x86_64-redhat-linux/4.8.5/collect2 --build-id --no-add-needed --eh-frame-hdr --hash-style=gnu -m elf_x86_64 -export-dynamic -dynamic-linker /lib64/ld-linux-x86-64.so.2 -o cmTC_1d197 /usr/lib/gcc/x86_64-redhat-linux/4.8.5/../../../../lib64/crt1.o /usr/lib/gcc/x86_64-redhat-linux/4.8.5/../../../../lib64/crti.o /usr/lib/gcc/x86_64-redhat-linux/4.8.5/crtbegin.o -L/usr/lib/gcc/x86_64-redhat-linux/4.8.5 -L/usr/lib/gcc/x86_64-redhat-linux/4.8.5/../../../../lib64 -L/lib/../lib64 -L/usr/lib/../lib64 -L/usr/lib/gcc/x86_64-redhat-linux/4.8.5/../../.. CMakeFiles/cmTC_1d197.dir/CMakeCXXCompilerABI.cpp.o -lstdc++ -lm -lgcc_s -lgcc -lc -lgcc_s -lgcc /usr/lib/gcc/x86_64-redhat-linux/4.8.5/crtend.o /usr/lib/gcc/x86_64-redhat-linux/4.8.5/../../../../lib64/crtn.o
gmake[1]: Leaving directory `/home/abhik/code/DataCompression/c/compressors/snappy-master/build/CMakeFiles/CMakeTmp'


Parsed CXX implicit link information from above output:
  link line regex: [^( *|.*[/\])(ld|CMAKE_LINK_STARTFILE-NOTFOUND|([^/\]+-)?ld|collect2)[^/\]*( |$)]
  ignore line: [Change Dir: /home/abhik/code/DataCompression/c/compressors/snappy-master/build/CMakeFiles/CMakeTmp]
  ignore line: []
  ignore line: [Run Build Command:"/usr/bin/gmake" "cmTC_1d197/fast"]
  ignore line: [/usr/bin/gmake -f CMakeFiles/cmTC_1d197.dir/build.make CMakeFiles/cmTC_1d197.dir/build]
  ignore line: [gmake[1]: Entering directory `/home/abhik/code/DataCompression/c/compressors/snappy-master/build/CMakeFiles/CMakeTmp']
  ignore line: [Building CXX object CMakeFiles/cmTC_1d197.dir/CMakeCXXCompilerABI.cpp.o]
  ignore line: [/usr/bin/c++     -o CMakeFiles/cmTC_1d197.dir/CMakeCXXCompilerABI.cpp.o -c /usr/local/share/cmake-3.11/Modules/CMakeCXXCompilerABI.cpp]
  ignore line: [Linking CXX executable cmTC_1d197]
  ignore line: [/usr/local/bin/cmake -E cmake_link_script CMakeFiles/cmTC_1d197.dir/link.txt --verbose=1]
  ignore line: [/usr/bin/c++      -v -rdynamic CMakeFiles/cmTC_1d197.dir/CMakeCXXCompilerABI.cpp.o  -o cmTC_1d197 ]
  ignore line: [Using built-in specs.]
  ignore line: [COLLECT_GCC=/usr/bin/c++]
  ignore line: [COLLECT_LTO_WRAPPER=/usr/libexec/gcc/x86_64-redhat-linux/4.8.5/lto-wrapper]
  ignore line: [Target: x86_64-redhat-linux]
  ignore line: [Configured with: ../configure --prefix=/usr --mandir=/usr/share/man --infodir=/usr/share/info --with-bugurl=http://bugzilla.redhat.com/bugzilla --enable-bootstrap --enable-shared --enable-threads=posix --enable-checking=release --with-system-zlib --enable-__cxa_atexit --disable-libunwind-exceptions --enable-gnu-unique-object --enable-linker-build-id --with-linker-hash-style=gnu --enable-languages=c,c++,objc,obj-c++,java,fortran,ada,go,lto --enable-plugin --enable-initfini-array --disable-libgcj --with-isl=/builddir/build/BUILD/gcc-4.8.5-20150702/obj-x86_64-redhat-linux/isl-install --with-cloog=/builddir/build/BUILD/gcc-4.8.5-20150702/obj-x86_64-redhat-linux/cloog-install --enable-gnu-indirect-function --with-tune=generic --with-arch_32=x86-64 --build=x86_64-redhat-linux]
  ignore line: [Thread model: posix]
  ignore line: [gcc version 4.8.5 20150623 (Red Hat 4.8.5-11) (GCC) ]
  ignore line: [COMPILER_PATH=/usr/libexec/gcc/x86_64-redhat-linux/4.8.5/:/usr/libexec/gcc/x86_64-redhat-linux/4.8.5/:/usr/libexec/gcc/x86_64-redhat-linux/:/usr/lib/gcc/x86_64-redhat-linux/4.8.5/:/usr/lib/gcc/x86_64-redhat-linux/]
  ignore line: [LIBRARY_PATH=/usr/lib/gcc/x86_64-redhat-linux/4.8.5/:/usr/lib/gcc/x86_64-redhat-linux/4.8.5/../../../../lib64/:/lib/../lib64/:/usr/lib/../lib64/:/usr/lib/gcc/x86_64-redhat-linux/4.8.5/../../../:/lib/:/usr/lib/]
  ignore line: [COLLECT_GCC_OPTIONS='-v' '-rdynamic' '-o' 'cmTC_1d197' '-shared-libgcc' '-mtune=generic' '-march=x86-64']
  link line: [ /usr/libexec/gcc/x86_64-redhat-linux/4.8.5/collect2 --build-id --no-add-needed --eh-frame-hdr --hash-style=gnu -m elf_x86_64 -export-dynamic -dynamic-linker /lib64/ld-linux-x86-64.so.2 -o cmTC_1d197 /usr/lib/gcc/x86_64-redhat-linux/4.8.5/../../../../lib64/crt1.o /usr/lib/gcc/x86_64-redhat-linux/4.8.5/../../../../lib64/crti.o /usr/lib/gcc/x86_64-redhat-linux/4.8.5/crtbegin.o -L/usr/lib/gcc/x86_64-redhat-linux/4.8.5 -L/usr/lib/gcc/x86_64-redhat-linux/4.8.5/../../../../lib64 -L/lib/../lib64 -L/usr/lib/../lib64 -L/usr/lib/gcc/x86_64-redhat-linux/4.8.5/../../.. CMakeFiles/cmTC_1d197.dir/CMakeCXXCompilerABI.cpp.o -lstdc++ -lm -lgcc_s -lgcc -lc -lgcc_s -lgcc /usr/lib/gcc/x86_64-redhat-linux/4.8.5/crtend.o /usr/lib/gcc/x86_64-redhat-linux/4.8.5/../../../../lib64/crtn.o]
    arg [/usr/libexec/gcc/x86_64-redhat-linux/4.8.5/collect2] ==> ignore
    arg [--build-id] ==> ignore
    arg [--no-add-needed] ==> ignore
    arg [--eh-frame-hdr] ==> ignore
    arg [--hash-style=gnu] ==> ignore
    arg [-m] ==> ignore
    arg [elf_x86_64] ==> ignore
    arg [-export-dynamic] ==> ignore
    arg [-dynamic-linker] ==> ignore
    arg [/lib64/ld-linux-x86-64.so.2] ==> ignore
    arg [-o] ==> ignore
    arg [cmTC_1d197] ==> ignore
    arg [/usr/lib/gcc/x86_64-redhat-linux/4.8.5/../../../../lib64/crt1.o] ==> ignore
    arg [/usr/lib/gcc/x86_64-redhat-linux/4.8.5/../../../../lib64/crti.o] ==> ignore
    arg [/usr/lib/gcc/x86_64-redhat-linux/4.8.5/crtbegin.o] ==> ignore
    arg [-L/usr/lib/gcc/x86_64-redhat-linux/4.8.5] ==> dir [/usr/lib/gcc/x86_64-redhat-linux/4.8.5]
    arg [-L/usr/lib/gcc/x86_64-redhat-linux/4.8.5/../../../../lib64] ==> dir [/usr/lib/gcc/x86_64-redhat-linux/4.8.5/../../../../lib64]
    arg [-L/lib/../lib64] ==> dir [/lib/../lib64]
    arg [-L/usr/lib/../lib64] ==> dir [/usr/lib/../lib64]
    arg [-L/usr/lib/gcc/x86_64-redhat-linux/4.8.5/../../..] ==> dir [/usr/lib/gcc/x86_64-redhat-linux/4.8.5/../../..]
    arg [CMakeFiles/cmTC_1d197.dir/CMakeCXXCompilerABI.cpp.o] ==> ignore
    arg [-lstdc++] ==> lib [stdc++]
    arg [-lm] ==> lib [m]
    arg [-lgcc_s] ==> lib [gcc_s]
    arg [-lgcc] ==> lib [gcc]
    arg [-lc] ==> lib [c]
    arg [-lgcc_s] ==> lib [gcc_s]
    arg [-lgcc] ==> lib [gcc]
    arg [/usr/lib/gcc/x86_64-redhat-linux/4.8.5/crtend.o] ==> ignore
    arg [/usr/lib/gcc/x86_64-redhat-linux/4.8.5/../../../../lib64/crtn.o] ==> ignore
  collapse library dir [/usr/lib/gcc/x86_64-redhat-linux/4.8.5] ==> [/usr/lib/gcc/x86_64-redhat-linux/4.8.5]
  collapse library dir [/usr/lib/gcc/x86_64-redhat-linux/4.8.5/../../../../lib64] ==> [/usr/lib64]
  collapse library dir [/lib/../lib64] ==> [/lib64]
  collapse library dir [/usr/lib/../lib64] ==> [/usr/lib64]
  collapse library dir [/usr/lib/gcc/x86_64-redhat-linux/4.8.5/../../..] ==> [/usr/lib]
  implicit libs: [stdc++;m;gcc_s;gcc;c;gcc_s;gcc]
  implicit dirs: [/usr/lib/gcc/x86_64-redhat-linux/4.8.5;/usr/lib64;/lib64;/usr/lib]
  implicit fwks: []




Detecting CXX [-std=c++1y] compiler features compiled with the following output:
Change Dir: /home/abhik/code/DataCompression/c/compressors/snappy-master/build/CMakeFiles/CMakeTmp

Run Build Command:"/usr/bin/gmake" "cmTC_4574f/fast"
/usr/bin/gmake -f CMakeFiles/cmTC_4574f.dir/build.make CMakeFiles/cmTC_4574f.dir/build
gmake[1]: Entering directory `/home/abhik/code/DataCompression/c/compressors/snappy-master/build/CMakeFiles/CMakeTmp'
Building CXX object CMakeFiles/cmTC_4574f.dir/feature_tests.cxx.o
/usr/bin/c++    -std=c++1y -o CMakeFiles/cmTC_4574f.dir/feature_tests.cxx.o -c /home/abhik/code/DataCompression/c/compressors/snappy-master/build/CMakeFiles/feature_tests.cxx
Linking CXX executable cmTC_4574f
/usr/local/bin/cmake -E cmake_link_script CMakeFiles/cmTC_4574f.dir/link.txt --verbose=1
/usr/bin/c++       -rdynamic CMakeFiles/cmTC_4574f.dir/feature_tests.cxx.o  -o cmTC_4574f 
gmake[1]: Leaving directory `/home/abhik/code/DataCompression/c/compressors/snappy-master/build/CMakeFiles/CMakeTmp'


    Feature record: CXX_FEATURE:0cxx_aggregate_default_initializers
    Feature record: CXX_FEATURE:1cxx_alias_templates
    Feature record: CXX_FEATURE:1cxx_alignas
    Feature record: CXX_FEATURE:1cxx_alignof
    Feature record: CXX_FEATURE:1cxx_attributes
    Feature record: CXX_FEATURE:0cxx_attribute_deprecated
    Feature record: CXX_FEATURE:1cxx_auto_type
    Feature record: CXX_FEATURE:0cxx_binary_literals
    Feature record: CXX_FEATURE:1cxx_constexpr
    Feature record: CXX_FEATURE:0cxx_contextual_conversions
    Feature record: CXX_FEATURE:1cxx_decltype
    Feature record: CXX_FEATURE:0cxx_decltype_auto
    Feature record: CXX_FEATURE:1cxx_decltype_incomplete_return_types
    Feature record: CXX_FEATURE:1cxx_default_function_template_args
    Feature record: CXX_FEATURE:1cxx_defaulted_functions
    Feature record: CXX_FEATURE:1cxx_defaulted_move_initializers
    Feature record: CXX_FEATURE:1cxx_delegating_constructors
    Feature record: CXX_FEATURE:1cxx_deleted_functions
    Feature record: CXX_FEATURE:0cxx_digit_separators
    Feature record: CXX_FEATURE:1cxx_enum_forward_declarations
    Feature record: CXX_FEATURE:1cxx_explicit_conversions
    Feature record: CXX_FEATURE:1cxx_extended_friend_declarations
    Feature record: CXX_FEATURE:1cxx_extern_templates
    Feature record: CXX_FEATURE:1cxx_final
    Feature record: CXX_FEATURE:1cxx_func_identifier
    Feature record: CXX_FEATURE:1cxx_generalized_initializers
    Feature record: CXX_FEATURE:0cxx_generic_lambdas
    Feature record: CXX_FEATURE:1cxx_inheriting_constructors
    Feature record: CXX_FEATURE:1cxx_inline_namespaces
    Feature record: CXX_FEATURE:1cxx_lambdas
    Feature record: CXX_FEATURE:0cxx_lambda_init_captures
    Feature record: CXX_FEATURE:1cxx_local_type_template_args
    Feature record: CXX_FEATURE:1cxx_long_long_type
    Feature record: CXX_FEATURE:1cxx_noexcept
    Feature record: CXX_FEATURE:1cxx_nonstatic_member_init
    Feature record: CXX_FEATURE:1cxx_nullptr
    Feature record: CXX_FEATURE:1cxx_override
    Feature record: CXX_FEATURE:1cxx_range_for
    Feature record: CXX_FEATURE:1cxx_raw_string_literals
    Feature record: CXX_FEATURE:1cxx_reference_qualified_functions
    Feature record: CXX_FEATURE:0cxx_relaxed_constexpr
    Feature record: CXX_FEATURE:0cxx_return_type_deduction
    Feature record: CXX_FEATURE:1cxx_right_angle_brackets
    Feature record: CXX_FEATURE:1cxx_rvalue_references
    Feature record: CXX_FEATURE:1cxx_sizeof_member
    Feature record: CXX_FEATURE:1cxx_static_assert
    Feature record: CXX_FEATURE:1cxx_strong_enums
    Feature record: CXX_FEATURE:1cxx_template_template_parameters
    Feature record: CXX_FEATURE:1cxx_thread_local
    Feature record: CXX_FEATURE:1cxx_trailing_return_types
    Feature record: CXX_FEATURE:1cxx_unicode_literals
    Feature record: CXX_FEATURE:1cxx_uniform_initialization
    Feature record: CXX_FEATURE:1cxx_unrestricted_unions
    Feature record: CXX_FEATURE:1cxx_user_literals
    Feature record: CXX_FEATURE:0cxx_variable_templates
    Feature record: CXX_FEATURE:1cxx_variadic_macros
    Feature record: CXX_FEATURE:1cxx_variadic_templates


Detecting CXX [-std=c++11] compiler features compiled with the following output:
Change Dir: /home/abhik/code/DataCompression/c/compressors/snappy-master/build/CMakeFiles/CMakeTmp

Run Build Command:"/usr/bin/gmake" "cmTC_02b5c/fast"
/usr/bin/gmake -f CMakeFiles/cmTC_02b5c.dir/build.make CMakeFiles/cmTC_02b5c.dir/build
gmake[1]: Entering directory `/home/abhik/code/DataCompression/c/compressors/snappy-master/build/CMakeFiles/CMakeTmp'
Building CXX object CMakeFiles/cmTC_02b5c.dir/feature_tests.cxx.o
/usr/bin/c++    -std=c++11 -o CMakeFiles/cmTC_02b5c.dir/feature_tests.cxx.o -c /home/abhik/code/DataCompression/c/compressors/snappy-master/build/CMakeFiles/feature_tests.cxx
Linking CXX executable cmTC_02b5c
/usr/local/bin/cmake -E cmake_link_script CMakeFiles/cmTC_02b5c.dir/link.txt --verbose=1
/usr/bin/c++       -rdynamic CMakeFiles/cmTC_02b5c.dir/feature_tests.cxx.o  -o cmTC_02b5c 
gmake[1]: Leaving directory `/home/abhik/code/DataCompression/c/compressors/snappy-master/build/CMakeFiles/CMakeTmp'


    Feature record: CXX_FEATURE:0cxx_aggregate_default_initializers
    Feature record: CXX_FEATURE:1cxx_alias_templates
    Feature record: CXX_FEATURE:1cxx_alignas
    Feature record: CXX_FEATURE:1cxx_alignof
    Feature record: CXX_FEATURE:1cxx_attributes
    Feature record: CXX_FEATURE:0cxx_attribute_deprecated
    Feature record: CXX_FEATURE:1cxx_auto_type
    Feature record: CXX_FEATURE:0cxx_binary_literals
    Feature record: CXX_FEATURE:1cxx_constexpr
    Feature record: CXX_FEATURE:0cxx_contextual_conversions
    Feature record: CXX_FEATURE:1cxx_decltype
    Feature record: CXX_FEATURE:0cxx_decltype_auto
    Feature record: CXX_FEATURE:1cxx_decltype_incomplete_return_types
    Feature record: CXX_FEATURE:1cxx_default_function_template_args
    Feature record: CXX_FEATURE:1cxx_defaulted_functions
    Feature record: CXX_FEATURE:1cxx_defaulted_move_initializers
    Feature record: CXX_FEATURE:1cxx_delegating_constructors
    Feature record: CXX_FEATURE:1cxx_deleted_functions
    Feature record: CXX_FEATURE:0cxx_digit_separators
    Feature record: CXX_FEATURE:1cxx_enum_forward_declarations
    Feature record: CXX_FEATURE:1cxx_explicit_conversions
    Feature record: CXX_FEATURE:1cxx_extended_friend_declarations
    Feature record: CXX_FEATURE:1cxx_extern_templates
    Feature record: CXX_FEATURE:1cxx_final
    Feature record: CXX_FEATURE:1cxx_func_identifier
    Feature record: CXX_FEATURE:1cxx_generalized_initializers
    Feature record: CXX_FEATURE:0cxx_generic_lambdas
    Feature record: CXX_FEATURE:1cxx_inheriting_constructors
    Feature record: CXX_FEATURE:1cxx_inline_namespaces
    Feature record: CXX_FEATURE:1cxx_lambdas
    Feature record: CXX_FEATURE:0cxx_lambda_init_captures
    Feature record: CXX_FEATURE:1cxx_local_type_template_args
    Feature record: CXX_FEATURE:1cxx_long_long_type
    Feature record: CXX_FEATURE:1cxx_noexcept
    Feature record: CXX_FEATURE:1cxx_nonstatic_member_init
    Feature record: CXX_FEATURE:1cxx_nullptr
    Feature record: CXX_FEATURE:1cxx_override
    Feature record: CXX_FEATURE:1cxx_range_for
    Feature record: CXX_FEATURE:1cxx_raw_string_literals
    Feature record: CXX_FEATURE:1cxx_reference_qualified_functions
    Feature record: CXX_FEATURE:0cxx_relaxed_constexpr
    Feature record: CXX_FEATURE:0cxx_return_type_deduction
    Feature record: CXX_FEATURE:1cxx_right_angle_brackets
    Feature record: CXX_FEATURE:1cxx_rvalue_references
    Feature record: CXX_FEATURE:1cxx_sizeof_member
    Feature record: CXX_FEATURE:1cxx_static_assert
    Feature record: CXX_FEATURE:1cxx_strong_enums
    Feature record: CXX_FEATURE:1cxx_template_template_parameters
    Feature record: CXX_FEATURE:1cxx_thread_local
    Feature record: CXX_FEATURE:1cxx_trailing_return_types
    Feature record: CXX_FEATURE:1cxx_unicode_literals
    Feature record: CXX_FEATURE:1cxx_uniform_initialization
    Feature record: CXX_FEATURE:1cxx_unrestricted_unions
    Feature record: CXX_FEATURE:1cxx_user_literals
    Feature record: CXX_FEATURE:0cxx_variable_templates
    Feature record: CXX_FEATURE:1cxx_variadic_macros
    Feature record: CXX_FEATURE:1cxx_variadic_templates


Detecting CXX [-std=c++98] compiler features compiled with the following output:
Change Dir: /home/abhik/code/DataCompression/c/compressors/snappy-master/build/CMakeFiles/CMakeTmp

Run Build Command:"/usr/bin/gmake" "cmTC_c7457/fast"
/usr/bin/gmake -f CMakeFiles/cmTC_c7457.dir/build.make CMakeFiles/cmTC_c7457.dir/build
gmake[1]: Entering directory `/home/abhik/code/DataCompression/c/compressors/snappy-master/build/CMakeFiles/CMakeTmp'
Building CXX object CMakeFiles/cmTC_c7457.dir/feature_tests.cxx.o
/usr/bin/c++    -std=c++98 -o CMakeFiles/cmTC_c7457.dir/feature_tests.cxx.o -c /home/abhik/code/DataCompression/c/compressors/snappy-master/build/CMakeFiles/feature_tests.cxx
Linking CXX executable cmTC_c7457
/usr/local/bin/cmake -E cmake_link_script CMakeFiles/cmTC_c7457.dir/link.txt --verbose=1
/usr/bin/c++       -rdynamic CMakeFiles/cmTC_c7457.dir/feature_tests.cxx.o  -o cmTC_c7457 
gmake[1]: Leaving directory `/home/abhik/code/DataCompression/c/compressors/snappy-master/build/CMakeFiles/CMakeTmp'


    Feature record: CXX_FEATURE:0cxx_aggregate_default_initializers
    Feature record: CXX_FEATURE:0cxx_alias_templates
    Feature record: CXX_FEATURE:0cxx_alignas
    Feature record: CXX_FEATURE:0cxx_alignof
    Feature record: CXX_FEATURE:0cxx_attributes
    Feature record: CXX_FEATURE:0cxx_attribute_deprecated
    Feature record: CXX_FEATURE:0cxx_auto_type
    Feature record: CXX_FEATURE:0cxx_binary_literals
    Feature record: CXX_FEATURE:0cxx_constexpr
    Feature record: CXX_FEATURE:0cxx_contextual_conversions
    Feature record: CXX_FEATURE:0cxx_decltype
    Feature record: CXX_FEATURE:0cxx_decltype_auto
    Feature record: CXX_FEATURE:0cxx_decltype_incomplete_return_types
    Feature record: CXX_FEATURE:0cxx_default_function_template_args
    Feature record: CXX_FEATURE:0cxx_defaulted_functions
    Feature record: CXX_FEATURE:0cxx_defaulted_move_initializers
    Feature record: CXX_FEATURE:0cxx_delegating_constructors
    Feature record: CXX_FEATURE:0cxx_deleted_functions
    Feature record: CXX_FEATURE:0cxx_digit_separators
    Feature record: CXX_FEATURE:0cxx_enum_forward_declarations
    Feature record: CXX_FEATURE:0cxx_explicit_conversions
    Feature record: CXX_FEATURE:0cxx_extended_friend_declarations
    Feature record: CXX_FEATURE:0cxx_extern_templates
    Feature record: CXX_FEATURE:0cxx_final
    Feature record: CXX_FEATURE:0cxx_func_identifier
    Feature record: CXX_FEATURE:0cxx_generalized_initializers
    Feature record: CXX_FEATURE:0cxx_generic_lambdas
    Feature record: CXX_FEATURE:0cxx_inheriting_constructors
    Feature record: CXX_FEATURE:0cxx_inline_namespaces
    Feature record: CXX_FEATURE:0cxx_lambdas
    Feature record: CXX_FEATURE:0cxx_lambda_init_captures
    Feature record: CXX_FEATURE:0cxx_local_type_template_args
    Feature record: CXX_FEATURE:0cxx_long_long_type
    Feature record: CXX_FEATURE:0cxx_noexcept
    Feature record: CXX_FEATURE:0cxx_nonstatic_member_init
    Feature record: CXX_FEATURE:0cxx_nullptr
    Feature record: CXX_FEATURE:0cxx_override
    Feature record: CXX_FEATURE:0cxx_range_for
    Feature record: CXX_FEATURE:0cxx_raw_string_literals
    Feature record: CXX_FEATURE:0cxx_reference_qualified_functions
    Feature record: CXX_FEATURE:0cxx_relaxed_constexpr
    Feature record: CXX_FEATURE:0cxx_return_type_deduction
    Feature record: CXX_FEATURE:0cxx_right_angle_brackets
    Feature record: CXX_FEATURE:0cxx_rvalue_references
    Feature record: CXX_FEATURE:0cxx_sizeof_member
    Feature record: CXX_FEATURE:0cxx_static_assert
    Feature record: CXX_FEATURE:0cxx_strong_enums
    Feature record: CXX_FEATURE:1cxx_template_template_parameters
    Feature record: CXX_FEATURE:0cxx_thread_local
    Feature record: CXX_FEATURE:0cxx_trailing_return_types
    Feature record: CXX_FEATURE:0cxx_unicode_literals
    Feature record: CXX_FEATURE:0cxx_uniform_initialization
    Feature record: CXX_FEATURE:0cxx_unrestricted_unions
    Feature record: CXX_FEATURE:0cxx_user_literals
    Feature record: CXX_FEATURE:0cxx_variable_templates
    Feature record: CXX_FEATURE:0cxx_variadic_macros
    Feature record: CXX_FEATURE:0cxx_variadic_templates
Determining if the include file sys/types.h exists passed with the following output:
Change Dir: /home/abhik/code/DataCompression/c/compressors/snappy-master/build/CMakeFiles/CMakeTmp

Run Build Command:"/usr/bin/gmake" "cmTC_87200/fast"
/usr/bin/gmake -f CMakeFiles/cmTC_87200.dir/build.make CMakeFiles/cmTC_87200.dir/build
gmake[1]: Entering directory `/home/abhik/code/DataCompression/c/compressors/snappy-master/build/CMakeFiles/CMakeTmp'
Building C object CMakeFiles/cmTC_87200.dir/CheckIncludeFile.c.o
/usr/bin/cc    -o CMakeFiles/cmTC_87200.dir/CheckIncludeFile.c.o   -c /home/abhik/code/DataCompression/c/compressors/snappy-master/build/CMakeFiles/CMakeTmp/CheckIncludeFile.c
Linking C executable cmTC_87200
/usr/local/bin/cmake -E cmake_link_script CMakeFiles/cmTC_87200.dir/link.txt --verbose=1
/usr/bin/cc      -rdynamic CMakeFiles/cmTC_87200.dir/CheckIncludeFile.c.o  -o cmTC_87200 
gmake[1]: Leaving directory `/home/abhik/code/DataCompression/c/compressors/snappy-master/build/CMakeFiles/CMakeTmp'


Determining if the include file stdint.h exists passed with the following output:
Change Dir: /home/abhik/code/DataCompression/c/compressors/snappy-master/build/CMakeFiles/CMakeTmp

Run Build Command:"/usr/bin/gmake" "cmTC_976cc/fast"
/usr/bin/gmake -f CMakeFiles/cmTC_976cc.dir/build.make CMakeFiles/cmTC_976cc.dir/build
gmake[1]: Entering directory `/home/abhik/code/DataCompression/c/compressors/snappy-master/build/CMakeFiles/CMakeTmp'
Building C object CMakeFiles/cmTC_976cc.dir/CheckIncludeFile.c.o
/usr/bin/cc    -o CMakeFiles/cmTC_976cc.dir/CheckIncludeFile.c.o   -c /home/abhik/code/DataCompression/c/compressors/snappy-master/build/CMakeFiles/CMakeTmp/CheckIncludeFile.c
Linking C executable cmTC_976cc
/usr/local/bin/cmake -E cmake_link_script CMakeFiles/cmTC_976cc.dir/link.txt --verbose=1
/usr/bin/cc      -rdynamic CMakeFiles/cmTC_976cc.dir/CheckIncludeFile.c.o  -o cmTC_976cc 
gmake[1]: Leaving directory `/home/abhik/code/DataCompression/c/compressors/snappy-master/build/CMakeFiles/CMakeTmp'


Determining if the include file stddef.h exists passed with the following output:
Change Dir: /home/abhik/code/DataCompression/c/compressors/snappy-master/build/CMakeFiles/CMakeTmp

Run Build Command:"/usr/bin/gmake" "cmTC_23511/fast"
/usr/bin/gmake -f CMakeFiles/cmTC_23511.dir/build.make CMakeFiles/cmTC_23511.dir/build
gmake[1]: Entering directory `/home/abhik/code/DataCompression/c/compressors/snappy-master/build/CMakeFiles/CMakeTmp'
Building C object CMakeFiles/cmTC_23511.dir/CheckIncludeFile.c.o
/usr/bin/cc    -o CMakeFiles/cmTC_23511.dir/CheckIncludeFile.c.o   -c /home/abhik/code/DataCompression/c/compressors/snappy-master/build/CMakeFiles/CMakeTmp/CheckIncludeFile.c
Linking C executable cmTC_23511
/usr/local/bin/cmake -E cmake_link_script CMakeFiles/cmTC_23511.dir/link.txt --verbose=1
/usr/bin/cc      -rdynamic CMakeFiles/cmTC_23511.dir/CheckIncludeFile.c.o  -o cmTC_23511 
gmake[1]: Leaving directory `/home/abhik/code/DataCompression/c/compressors/snappy-master/build/CMakeFiles/CMakeTmp'


Determining size of unsigned short passed with the following output:
Change Dir: /home/abhik/code/DataCompression/c/compressors/snappy-master/build/CMakeFiles/CMakeTmp

Run Build Command:"/usr/bin/gmake" "cmTC_39dff/fast"
/usr/bin/gmake -f CMakeFiles/cmTC_39dff.dir/build.make CMakeFiles/cmTC_39dff.dir/build
gmake[1]: Entering directory `/home/abhik/code/DataCompression/c/compressors/snappy-master/build/CMakeFiles/CMakeTmp'
Building C object CMakeFiles/cmTC_39dff.dir/CMAKE_SIZEOF_UNSIGNED_SHORT.c.o
/usr/bin/cc    -o CMakeFiles/cmTC_39dff.dir/CMAKE_SIZEOF_UNSIGNED_SHORT.c.o   -c /home/abhik/code/DataCompression/c/compressors/snappy-master/build/CMakeFiles/CheckTypeSize/CMAKE_SIZEOF_UNSIGNED_SHORT.c
Linking C executable cmTC_39dff
/usr/local/bin/cmake -E cmake_link_script CMakeFiles/cmTC_39dff.dir/link.txt --verbose=1
/usr/bin/cc      -rdynamic CMakeFiles/cmTC_39dff.dir/CMAKE_SIZEOF_UNSIGNED_SHORT.c.o  -o cmTC_39dff 
gmake[1]: Leaving directory `/home/abhik/code/DataCompression/c/compressors/snappy-master/build/CMakeFiles/CMakeTmp'


Determining if the system is big endian passed with the following output:
Change Dir: /home/abhik/code/DataCompression/c/compressors/snappy-master/build/CMakeFiles/CMakeTmp

Run Build Command:"/usr/bin/gmake" "cmTC_1eed3/fast"
/usr/bin/gmake -f CMakeFiles/cmTC_1eed3.dir/build.make CMakeFiles/cmTC_1eed3.dir/build
gmake[1]: Entering directory `/home/abhik/code/DataCompression/c/compressors/snappy-master/build/CMakeFiles/CMakeTmp'
Building C object CMakeFiles/cmTC_1eed3.dir/TestEndianess.c.o
/usr/bin/cc    -o CMakeFiles/cmTC_1eed3.dir/TestEndianess.c.o   -c /home/abhik/code/DataCompression/c/compressors/snappy-master/build/CMakeFiles/CMakeTmp/TestEndianess.c
Linking C executable cmTC_1eed3
/usr/local/bin/cmake -E cmake_link_script CMakeFiles/cmTC_1eed3.dir/link.txt --verbose=1
/usr/bin/cc      -rdynamic CMakeFiles/cmTC_1eed3.dir/TestEndianess.c.o  -o cmTC_1eed3 
gmake[1]: Leaving directory `/home/abhik/code/DataCompression/c/compressors/snappy-master/build/CMakeFiles/CMakeTmp'

TestEndianess.c:
/* A 16 bit integer is required. */
typedef unsigned short cmakeint16;

/* On a little endian machine, these 16bit ints will give "THIS IS LITTLE ENDIAN."
   On a big endian machine the characters will be exchanged pairwise. */
const cmakeint16 info_little[] =  {0x4854, 0x5349, 0x4920, 0x2053, 0x494c, 0x5454, 0x454c, 0x4520, 0x444e, 0x4149, 0x2e4e, 0x0000};

/* on a big endian machine, these 16bit ints will give "THIS IS BIG ENDIAN."
   On a little endian machine the characters will be exchanged pairwise. */
const cmakeint16 info_big[] =     {0x5448, 0x4953, 0x2049, 0x5320, 0x4249, 0x4720, 0x454e, 0x4449, 0x414e, 0x2e2e, 0x0000};

#ifdef __CLASSIC_C__
int main(argc, argv) int argc; char *argv[];
#else
int main(int argc, char *argv[])
#endif
{
  int require = 0;
  require += info_little[argc];
  require += info_big[argc];
  (void)argv;
  return require;
}


Determining if the include file byteswap.h exists passed with the following output:
Change Dir: /home/abhik/code/DataCompression/c/compressors/snappy-master/build/CMakeFiles/CMakeTmp

Run Build Command:"/usr/bin/gmake" "cmTC_d5e80/fast"
/usr/bin/gmake -f CMakeFiles/cmTC_d5e80.dir/build.make CMakeFiles/cmTC_d5e80.dir/build
gmake[1]: Entering directory `/home/abhik/code/DataCompression/c/compressors/snappy-master/build/CMakeFiles/CMakeTmp'
Building C object CMakeFiles/cmTC_d5e80.dir/CheckIncludeFile.c.o
/usr/bin/cc    -o CMakeFiles/cmTC_d5e80.dir/CheckIncludeFile.c.o   -c /home/abhik/code/DataCompression/c/compressors/snappy-master/build/CMakeFiles/CMakeTmp/CheckIncludeFile.c
Linking C executable cmTC_d5e80
/usr/local/bin/cmake -E cmake_link_script CMakeFiles/cmTC_d5e80.dir/link.txt --verbose=1
/usr/bin/cc      -rdynamic CMakeFiles/cmTC_d5e80.dir/CheckIncludeFile.c.o  -o cmTC_d5e80 
gmake[1]: Leaving directory `/home/abhik/code/DataCompression/c/compressors/snappy-master/build/CMakeFiles/CMakeTmp'


Determining if the include file sys/mman.h exists passed with the following output:
Change Dir: /home/abhik/code/DataCompression/c/compressors/snappy-master/build/CMakeFiles/CMakeTmp

Run Build Command:"/usr/bin/gmake" "cmTC_5e0a1/fast"
/usr/bin/gmake -f CMakeFiles/cmTC_5e0a1.dir/build.make CMakeFiles/cmTC_5e0a1.dir/build
gmake[1]: Entering directory `/home/abhik/code/DataCompression/c/compressors/snappy-master/build/CMakeFiles/CMakeTmp'
Building C object CMakeFiles/cmTC_5e0a1.dir/CheckIncludeFile.c.o
/usr/bin/cc    -o CMakeFiles/cmTC_5e0a1.dir/CheckIncludeFile.c.o   -c /home/abhik/code/DataCompression/c/compressors/snappy-master/build/CMakeFiles/CMakeTmp/CheckIncludeFile.c
Linking C executable cmTC_5e0a1
/usr/local/bin/cmake -E cmake_link_script CMakeFiles/cmTC_5e0a1.dir/link.txt --verbose=1
/usr/bin/cc      -rdynamic CMakeFiles/cmTC_5e0a1.dir/CheckIncludeFile.c.o  -o cmTC_5e0a1 
gmake[1]: Leaving directory `/home/abhik/code/DataCompression/c/compressors/snappy-master/build/CMakeFiles/CMakeTmp'


Determining if the include file sys/resource.h exists passed with the following output:
Change Dir: /home/abhik/code/DataCompression/c/compressors/snappy-master/build/CMakeFiles/CMakeTmp

Run Build Command:"/usr/bin/gmake" "cmTC_6e5c5/fast"
/usr/bin/gmake -f CMakeFiles/cmTC_6e5c5.dir/build.make CMakeFiles/cmTC_6e5c5.dir/build
gmake[1]: Entering directory `/home/abhik/code/DataCompression/c/compressors/snappy-master/build/CMakeFiles/CMakeTmp'
Building C object CMakeFiles/cmTC_6e5c5.dir/CheckIncludeFile.c.o
/usr/bin/cc    -o CMakeFiles/cmTC_6e5c5.dir/CheckIncludeFile.c.o   -c /home/abhik/code/DataCompression/c/compressors/snappy-master/build/CMakeFiles/CMakeTmp/CheckIncludeFile.c
Linking C executable cmTC_6e5c5
/usr/local/bin/cmake -E cmake_link_script CMakeFiles/cmTC_6e5c5.dir/link.txt --verbose=1
/usr/bin/cc      -rdynamic CMakeFiles/cmTC_6e5c5.dir/CheckIncludeFile.c.o  -o cmTC_6e5c5 
gmake[1]: Leaving directory `/home/abhik/code/DataCompression/c/compressors/snappy-master/build/CMakeFiles/CMakeTmp'


Determining if the include file sys/time.h exists passed with the following output:
Change Dir: /home/abhik/code/DataCompression/c/compressors/snappy-master/build/CMakeFiles/CMakeTmp

Run Build Command:"/usr/bin/gmake" "cmTC_3e61b/fast"
/usr/bin/gmake -f CMakeFiles/cmTC_3e61b.dir/build.make CMakeFiles/cmTC_3e61b.dir/build
gmake[1]: Entering directory `/home/abhik/code/DataCompression/c/compressors/snappy-master/build/CMakeFiles/CMakeTmp'
Building C object CMakeFiles/cmTC_3e61b.dir/CheckIncludeFile.c.o
/usr/bin/cc    -o CMakeFiles/cmTC_3e61b.dir/CheckIncludeFile.c.o   -c /home/abhik/code/DataCompression/c/compressors/snappy-master/build/CMakeFiles/CMakeTmp/CheckIncludeFile.c
Linking C executable cmTC_3e61b
/usr/local/bin/cmake -E cmake_link_script CMakeFiles/cmTC_3e61b.dir/link.txt --verbose=1
/usr/bin/cc      -rdynamic CMakeFiles/cmTC_3e61b.dir/CheckIncludeFile.c.o  -o cmTC_3e61b 
gmake[1]: Leaving directory `/home/abhik/code/DataCompression/c/compressors/snappy-master/build/CMakeFiles/CMakeTmp'


Determining if the include file sys/uio.h exists passed with the following output:
Change Dir: /home/abhik/code/DataCompression/c/compressors/snappy-master/build/CMakeFiles/CMakeTmp

Run Build Command:"/usr/bin/gmake" "cmTC_9bf35/fast"
/usr/bin/gmake -f CMakeFiles/cmTC_9bf35.dir/build.make CMakeFiles/cmTC_9bf35.dir/build
gmake[1]: Entering directory `/home/abhik/code/DataCompression/c/compressors/snappy-master/build/CMakeFiles/CMakeTmp'
Building C object CMakeFiles/cmTC_9bf35.dir/CheckIncludeFile.c.o
/usr/bin/cc    -o CMakeFiles/cmTC_9bf35.dir/CheckIncludeFile.c.o   -c /home/abhik/code/DataCompression/c/compressors/snappy-master/build/CMakeFiles/CMakeTmp/CheckIncludeFile.c
Linking C executable cmTC_9bf35
/usr/local/bin/cmake -E cmake_link_script CMakeFiles/cmTC_9bf35.dir/link.txt --verbose=1
/usr/bin/cc      -rdynamic CMakeFiles/cmTC_9bf35.dir/CheckIncludeFile.c.o  -o cmTC_9bf35 
gmake[1]: Leaving directory `/home/abhik/code/DataCompression/c/compressors/snappy-master/build/CMakeFiles/CMakeTmp'


Determining if the include file unistd.h exists passed with the following output:
Change Dir: /home/abhik/code/DataCompression/c/compressors/snappy-master/build/CMakeFiles/CMakeTmp

Run Build Command:"/usr/bin/gmake" "cmTC_d8ea2/fast"
/usr/bin/gmake -f CMakeFiles/cmTC_d8ea2.dir/build.make CMakeFiles/cmTC_d8ea2.dir/build
gmake[1]: Entering directory `/home/abhik/code/DataCompression/c/compressors/snappy-master/build/CMakeFiles/CMakeTmp'
Building C object CMakeFiles/cmTC_d8ea2.dir/CheckIncludeFile.c.o
/usr/bin/cc    -o CMakeFiles/cmTC_d8ea2.dir/CheckIncludeFile.c.o   -c /home/abhik/code/DataCompression/c/compressors/snappy-master/build/CMakeFiles/CMakeTmp/CheckIncludeFile.c
Linking C executable cmTC_d8ea2
/usr/local/bin/cmake -E cmake_link_script CMakeFiles/cmTC_d8ea2.dir/link.txt --verbose=1
/usr/bin/cc      -rdynamic CMakeFiles/cmTC_d8ea2.dir/CheckIncludeFile.c.o  -o cmTC_d8ea2 
gmake[1]: Leaving directory `/home/abhik/code/DataCompression/c/compressors/snappy-master/build/CMakeFiles/CMakeTmp'


Determining if the function zlibVersion exists in the z passed with the following output:
Change Dir: /home/abhik/code/DataCompression/c/compressors/snappy-master/build/CMakeFiles/CMakeTmp

Run Build Command:"/usr/bin/gmake" "cmTC_9d998/fast"
/usr/bin/gmake -f CMakeFiles/cmTC_9d998.dir/build.make CMakeFiles/cmTC_9d998.dir/build
gmake[1]: Entering directory `/home/abhik/code/DataCompression/c/compressors/snappy-master/build/CMakeFiles/CMakeTmp'
Building C object CMakeFiles/cmTC_9d998.dir/CheckFunctionExists.c.o
/usr/bin/cc   -DCHECK_FUNCTION_EXISTS=zlibVersion   -o CMakeFiles/cmTC_9d998.dir/CheckFunctionExists.c.o   -c /usr/local/share/cmake-3.11/Modules/CheckFunctionExists.c
Linking C executable cmTC_9d998
/usr/local/bin/cmake -E cmake_link_script CMakeFiles/cmTC_9d998.dir/link.txt --verbose=1
/usr/bin/cc  -DCHECK_FUNCTION_EXISTS=zlibVersion    -rdynamic CMakeFiles/cmTC_9d998.dir/CheckFunctionExists.c.o  -o cmTC_9d998 -lz 
gmake[1]: Leaving directory `/home/abhik/code/DataCompression/c/compressors/snappy-master/build/CMakeFiles/CMakeTmp'


Performing C++ SOURCE FILE Test HAVE_BUILTIN_EXPECT succeeded with the following output:
Change Dir: /home/abhik/code/DataCompression/c/compressors/snappy-master/build/CMakeFiles/CMakeTmp

Run Build Command:"/usr/bin/gmake" "cmTC_b08b1/fast"
/usr/bin/gmake -f CMakeFiles/cmTC_b08b1.dir/build.make CMakeFiles/cmTC_b08b1.dir/build
gmake[1]: Entering directory `/home/abhik/code/DataCompression/c/compressors/snappy-master/build/CMakeFiles/CMakeTmp'
Building CXX object CMakeFiles/cmTC_b08b1.dir/src.cxx.o
/usr/bin/c++    -DHAVE_BUILTIN_EXPECT   -o CMakeFiles/cmTC_b08b1.dir/src.cxx.o -c /home/abhik/code/DataCompression/c/compressors/snappy-master/build/CMakeFiles/CMakeTmp/src.cxx
Linking CXX executable cmTC_b08b1
/usr/local/bin/cmake -E cmake_link_script CMakeFiles/cmTC_b08b1.dir/link.txt --verbose=1
/usr/bin/c++   -DHAVE_BUILTIN_EXPECT    -rdynamic CMakeFiles/cmTC_b08b1.dir/src.cxx.o  -o cmTC_b08b1 
gmake[1]: Leaving directory `/home/abhik/code/DataCompression/c/compressors/snappy-master/build/CMakeFiles/CMakeTmp'

Source file was:
int main(void) { return __builtin_expect(0, 1); }
Performing C++ SOURCE FILE Test HAVE_BUILTIN_CTZ succeeded with the following output:
Change Dir: /home/abhik/code/DataCompression/c/compressors/snappy-master/build/CMakeFiles/CMakeTmp

Run Build Command:"/usr/bin/gmake" "cmTC_bd940/fast"
/usr/bin/gmake -f CMakeFiles/cmTC_bd940.dir/build.make CMakeFiles/cmTC_bd940.dir/build
gmake[1]: Entering directory `/home/abhik/code/DataCompression/c/compressors/snappy-master/build/CMakeFiles/CMakeTmp'
Building CXX object CMakeFiles/cmTC_bd940.dir/src.cxx.o
/usr/bin/c++    -DHAVE_BUILTIN_CTZ   -o CMakeFiles/cmTC_bd940.dir/src.cxx.o -c /home/abhik/code/DataCompression/c/compressors/snappy-master/build/CMakeFiles/CMakeTmp/src.cxx
Linking CXX executable cmTC_bd940
/usr/local/bin/cmake -E cmake_link_script CMakeFiles/cmTC_bd940.dir/link.txt --verbose=1
/usr/bin/c++   -DHAVE_BUILTIN_CTZ    -rdynamic CMakeFiles/cmTC_bd940.dir/src.cxx.o  -o cmTC_bd940 
gmake[1]: Leaving directory `/home/abhik/code/DataCompression/c/compressors/snappy-master/build/CMakeFiles/CMakeTmp'

Source file was:
int main(void) { return __builtin_ctzll(0); }
Determining if the mmap exist passed with the following output:
Change Dir: /home/abhik/code/DataCompression/c/compressors/snappy-master/build/CMakeFiles/CMakeTmp

Run Build Command:"/usr/bin/gmake" "cmTC_732ae/fast"
/usr/bin/gmake -f CMakeFiles/cmTC_732ae.dir/build.make CMakeFiles/cmTC_732ae.dir/build
gmake[1]: Entering directory `/home/abhik/code/DataCompression/c/compressors/snappy-master/build/CMakeFiles/CMakeTmp'
Building C object CMakeFiles/cmTC_732ae.dir/CheckSymbolExists.c.o
/usr/bin/cc    -o CMakeFiles/cmTC_732ae.dir/CheckSymbolExists.c.o   -c /home/abhik/code/DataCompression/c/compressors/snappy-master/build/CMakeFiles/CMakeTmp/CheckSymbolExists.c
Linking C executable cmTC_732ae
/usr/local/bin/cmake -E cmake_link_script CMakeFiles/cmTC_732ae.dir/link.txt --verbose=1
/usr/bin/cc      -rdynamic CMakeFiles/cmTC_732ae.dir/CheckSymbolExists.c.o  -o cmTC_732ae 
gmake[1]: Leaving directory `/home/abhik/code/DataCompression/c/compressors/snappy-master/build/CMakeFiles/CMakeTmp'

File /home/abhik/code/DataCompression/c/compressors/snappy-master/build/CMakeFiles/CMakeTmp/CheckSymbolExists.c:
/* */
#include <sys/mman.h>

int main(int argc, char** argv)
{
  (void)argv;
#ifndef mmap
  return ((int*)(&mmap))[argc];
#else
  (void)argc;
  return 0;
#endif
}

Determining if the sysconf exist passed with the following output:
Change Dir: /home/abhik/code/DataCompression/c/compressors/snappy-master/build/CMakeFiles/CMakeTmp

Run Build Command:"/usr/bin/gmake" "cmTC_071f5/fast"
/usr/bin/gmake -f CMakeFiles/cmTC_071f5.dir/build.make CMakeFiles/cmTC_071f5.dir/build
gmake[1]: Entering directory `/home/abhik/code/DataCompression/c/compressors/snappy-master/build/CMakeFiles/CMakeTmp'
Building C object CMakeFiles/cmTC_071f5.dir/CheckSymbolExists.c.o
/usr/bin/cc    -o CMakeFiles/cmTC_071f5.dir/CheckSymbolExists.c.o   -c /home/abhik/code/DataCompression/c/compressors/snappy-master/build/CMakeFiles/CMakeTmp/CheckSymbolExists.c
Linking C executable cmTC_071f5
/usr/local/bin/cmake -E cmake_link_script CMakeFiles/cmTC_071f5.dir/link.txt --verbose=1
/usr/bin/cc      -rdynamic CMakeFiles/cmTC_071f5.dir/CheckSymbolExists.c.o  -o cmTC_071f5 
gmake[1]: Leaving directory `/home/abhik/code/DataCompression/c/compressors/snappy-master/build/CMakeFiles/CMakeTmp'

File /home/abhik/code/DataCompression/c/compressors/snappy-master/build/CMakeFiles/CMakeTmp/CheckSymbolExists.c:
/* */
#include <unistd.h>

int main(int argc, char** argv)
{
  (void)argv;
#ifndef sysconf
  return ((int*)(&sysconf))[argc];
#else
  (void)argc;
  return 0;
#endif
}

