  pyrecode.cpp
d:\cbis\github\recode\include\win32\dirent.h(1102): warning C4267: 'argument': conversion from 'size_t' to 'int', possible loss of data
d:\cbis\github\recode\include\win32\dirent.h(1185): warning C4267: 'argument': conversion from 'size_t' to 'int', possible loss of data
d:\cbis\github\recode\src\recode_utils.h(103): warning C4267: 'initializing': conversion from 'size_t' to 'int', possible loss of data
d:\cbis\github\recode\src\mrchandler.h(123): warning C4244: 'argument': conversion from 'uint64_t' to 'long', possible loss of data
d:\cbis\github\recode\src\mrchandler.h(128): warning C4244: 'argument': conversion from 'uint64_t' to 'double', possible loss of data
d:\cbis\github\recode\src\mrchandler.h(128): warning C4244: 'initializing': conversion from 'double' to 'uint64_t', possible loss of data
d:\cbis\github\recode\src\mrchandler.h(134): warning C4477: 'printf' : format string '%lu' requires an argument of type 'unsigned long', but variadic argument 1 has type 'uint64_t'
  d:\cbis\github\recode\src\mrchandler.h(134): note: consider using '%llu' in the format string
  d:\cbis\github\recode\src\mrchandler.h(134): note: consider using '%Iu' in the format string
  d:\cbis\github\recode\src\mrchandler.h(134): note: consider using '%I64u' in the format string
d:\cbis\github\recode\src\mrchandler.h(135): warning C4477: 'printf' : format string '%lu' requires an argument of type 'unsigned long', but variadic argument 1 has type 'uint64_t'
  d:\cbis\github\recode\src\mrchandler.h(135): note: consider using '%llu' in the format string
  d:\cbis\github\recode\src\mrchandler.h(135): note: consider using '%Iu' in the format string
  d:\cbis\github\recode\src\mrchandler.h(135): note: consider using '%I64u' in the format string
d:\cbis\github\recode\src\sequence_reader.h(206): warning C4244: 'argument': conversion from 'uint64_t' to 'long', possible loss of data
d:\cbis\github\recode\src\sequence_reader.h(221): warning C4244: 'argument': conversion from 'uint64_t' to 'long', possible loss of data
d:\cbis\github\recode\src\sequence_reader.h(242): warning C4244: 'argument': conversion from 'uint64_t' to 'long', possible loss of data
d:\cbis\github\recode\src\sequence_reader.h(256): warning C4477: 'printf' : format string '%d' requires an argument of type 'int', but variadic argument 2 has type 'uint64_t'
  d:\cbis\github\recode\src\sequence_reader.h(256): note: consider using '%lld' in the format string
  d:\cbis\github\recode\src\sequence_reader.h(256): note: consider using '%Id' in the format string
  d:\cbis\github\recode\src\sequence_reader.h(256): note: consider using '%I64d' in the format string
d:\cbis\github\recode\src\sequence_reader.h(256): warning C4477: 'printf' : format string '%d' requires an argument of type 'int', but variadic argument 3 has type 'uint64_t'
  d:\cbis\github\recode\src\sequence_reader.h(256): note: consider using '%lld' in the format string
  d:\cbis\github\recode\src\sequence_reader.h(256): note: consider using '%Id' in the format string
  d:\cbis\github\recode\src\sequence_reader.h(256): note: consider using '%I64d' in the format string
d:\cbis\github\recode\src\sequence_reader.h(374): warning C4244: '=': conversion from 'uint64_t' to 'uint32_t', possible loss of data
d:\cbis\github\recode\src\commons.h(68): warning C4018: '<': signed/unsigned mismatch
d:\cbis\github\recode\src\commons.h(69): warning C4018: '<': signed/unsigned mismatch
d:\cbis\github\recode\src\commons.h(11): warning C4477: 'printf' : format string '%lu' requires an argument of type 'unsigned long', but variadic argument 1 has type 'uint64_t'
  d:\cbis\github\recode\src\commons.h(11): note: consider using '%llu' in the format string
  d:\cbis\github\recode\src\commons.h(11): note: consider using '%Iu' in the format string
  d:\cbis\github\recode\src\commons.h(11): note: consider using '%I64u' in the format string
d:\cbis\github\recode\src\commons.h(130): warning C4244: 'argument': conversion from 'uint64_t' to 'long', possible loss of data
d:\cbis\github\recode\src\commons.h(135): warning C4244: 'argument': conversion from 'uint64_t' to 'double', possible loss of data
d:\cbis\github\recode\src\commons.h(135): warning C4244: 'initializing': conversion from 'double' to 'uint64_t', possible loss of data
d:\cbis\github\recode\src\commons.h(141): warning C4477: 'printf' : format string '%lu' requires an argument of type 'unsigned long', but variadic argument 1 has type 'uint64_t'
  d:\cbis\github\recode\src\commons.h(141): note: consider using '%llu' in the format string
  d:\cbis\github\recode\src\commons.h(141): note: consider using '%Iu' in the format string
  d:\cbis\github\recode\src\commons.h(141): note: consider using '%I64u' in the format string
d:\cbis\github\recode\src\commons.h(142): warning C4477: 'printf' : format string '%lu' requires an argument of type 'unsigned long', but variadic argument 1 has type 'uint64_t'
  d:\cbis\github\recode\src\commons.h(142): note: consider using '%llu' in the format string
  d:\cbis\github\recode\src\commons.h(142): note: consider using '%Iu' in the format string
  d:\cbis\github\recode\src\commons.h(142): note: consider using '%I64u' in the format string
d:\cbis\github\recode\src\commons.h(143): warning C4477: 'printf' : format string '%llu' requires an argument of type 'unsigned __int64', but variadic argument 1 has type 'uint32_t'
  d:\cbis\github\recode\src\commons.h(143): note: consider using '%u' in the format string
  d:\cbis\github\recode\src\commons.h(143): note: consider using '%I32u' in the format string
d:\cbis\github\recode\src\commons.h(224): warning C4244: '=': conversion from 'uint64_t' to 'uint32_t', possible loss of data
d:\cbis\github\recode\src\commons.h(244): warning C4244: 'initializing': conversion from 'double' to 'float', possible loss of data
d:\cbis\github\recode\src\commons.h(217): warning C4101: 'dark_subtracted_pixval': unreferenced local variable
d:\cbis\github\recode\src\compressor.h(68): warning C4244: 'initializing': conversion from 'double' to 'float', possible loss of data
d:\cbis\github\recode\src\compressor.h(112): warning C4244: 'initializing': conversion from 'double' to 'float', possible loss of data
d:\cbis\github\recode\src\fileutils.h(90): warning C4244: 'initializing': conversion from 'uint64_t' to 'long', possible loss of data
d:\cbis\github\recode\src\argparser.h(26): warning C4244: '=': conversion from 'unsigned short' to 'unsigned char', possible loss of data
d:\cbis\github\recode\src\l1.h(29): warning C4244: '=': conversion from 'uint64_t' to 'uint32_t', possible loss of data
d:\cbis\github\recode\src\l1.h(66): warning C4244: 'initializing': conversion from 'double' to 'float', possible loss of data
d:\cbis\github\recode\src\l1.h(84): warning C4244: 'initializing': conversion from 'double' to 'unsigned short', possible loss of data
d:\cbis\github\recode\src\l1.h(96): warning C4018: '<': signed/unsigned mismatch
d:\cbis\github\recode\src\l1.h(125): warning C4244: 'initializing': conversion from 'double' to 'float', possible loss of data
d:\cbis\github\recode\src\l1.h(151): warning C4244: 'initializing': conversion from 'uint64_t' to 'uint32_t', possible loss of data
d:\cbis\github\recode\src\l1.h(155): warning C4244: '=': conversion from 'double' to 'uint32_t', possible loss of data
d:\cbis\github\recode\src\l1.h(179): warning C4244: 'initializing': conversion from 'double' to 'uint32_t', possible loss of data
d:\cbis\github\recode\src\l1.h(239): warning C4476: 'printf' : unknown type field character '(' in format specifier
d:\cbis\github\recode\src\l1.h(250): warning C4476: 'printf' : unknown type field character '(' in format specifier
d:\cbis\github\recode\src\l1.h(281): warning C4244: 'initializing': conversion from 'double' to 'uint32_t', possible loss of data
d:\cbis\github\recode\src\l1.h(373): warning C4244: 'initializing': conversion from 'uint64_t' to 'uint32_t', possible loss of data
d:\cbis\github\recode\src\l1.h(374): warning C4244: 'initializing': conversion from 'double' to 'uint32_t', possible loss of data
d:\cbis\github\recode\src\l1.h(379): warning C4244: 'argument': conversion from 'double' to 'std::size_t', possible loss of data
d:\cbis\github\recode\src\l1.h(381): warning C4244: 'argument': conversion from 'double' to 'std::size_t', possible loss of data
d:\cbis\github\recode\src\l1.h(409): warning C4244: 'argument': conversion from 'unsigned short' to 'uint8_t', possible loss of data
d:\cbis\github\recode\src\l1.h(496): warning C4018: '<': signed/unsigned mismatch
d:\cbis\github\recode\src\l1.h(551): warning C4244: 'initializing': conversion from 'double' to 'uint32_t', possible loss of data
d:\cbis\github\recode\src\l1.h(552): warning C4244: 'initializing': conversion from 'double' to 'uint32_t', possible loss of data
d:\cbis\github\recode\src\l1.h(591): warning C4244: 'initializing': conversion from 'double' to 'float', possible loss of data
d:\cbis\github\recode\src\l1.h(607): warning C4244: 'initializing': conversion from 'double' to 'uint8_t', possible loss of data
d:\cbis\github\recode\src\l1.h(610): warning C4244: 'initializing': conversion from 'double' to 'uint32_t', possible loss of data
d:\cbis\github\recode\src\l1.h(611): warning C4244: 'initializing': conversion from 'double' to 'uint32_t', possible loss of data
d:\cbis\github\recode\src\l1.h(635): warning C4244: '=': conversion from 'double' to 'uint64_t', possible loss of data
d:\cbis\github\recode\src\l1.h(664): warning C4244: '=': conversion from 'uint64_t' to 'uint32_t', possible loss of data
d:\cbis\github\recode\src\l1.h(667): warning C4244: '+=': conversion from 'uint64_t' to 'uint16_t', possible loss of data
d:\cbis\github\recode\src\l1.h(694): warning C4244: 'initializing': conversion from 'double' to 'uint8_t', possible loss of data
d:\cbis\github\recode\src\l1.h(697): warning C4244: 'initializing': conversion from 'double' to 'uint32_t', possible loss of data
d:\cbis\github\recode\src\l1.h(698): warning C4244: 'initializing': conversion from 'double' to 'uint32_t', possible loss of data
d:\cbis\github\recode\src\l1.h(722): warning C4244: '=': conversion from 'double' to 'uint64_t', possible loss of data
d:\cbis\github\recode\src\l1.h(752): warning C4244: '=': conversion from 'uint64_t' to 'uint32_t', possible loss of data
d:\cbis\github\recode\src\l1.h(755): warning C4244: '+=': conversion from 'uint64_t' to 'uint16_t', possible loss of data
d:\cbis\github\recode\src\l1.h(857): warning C4244: '=': conversion from 'uint64_t' to 'uint32_t', possible loss of data
d:\cbis\github\recode\src\l1.h(859): warning C4244: '+=': conversion from 'uint64_t' to 'uint16_t', possible loss of data
d:\cbis\github\recode\src\l1.h(883): warning C4244: 'initializing': conversion from 'double' to 'uint8_t', possible loss of data
d:\cbis\github\recode\src\l1.h(886): warning C4244: 'initializing': conversion from 'double' to 'uint32_t', possible loss of data
d:\cbis\github\recode\src\l1.h(887): warning C4244: 'initializing': conversion from 'double' to 'uint32_t', possible loss of data
d:\cbis\github\recode\src\l1.h(911): warning C4244: '=': conversion from 'double' to 'uint64_t', possible loss of data
d:\cbis\github\recode\src\l1.h(934): warning C4244: 'initializing': conversion from 'double' to 'uint8_t', possible loss of data
d:\cbis\github\recode\src\l1.h(937): warning C4244: 'initializing': conversion from 'double' to 'uint32_t', possible loss of data
d:\cbis\github\recode\src\l1.h(938): warning C4244: 'initializing': conversion from 'double' to 'uint32_t', possible loss of data
d:\cbis\github\recode\src\l1.h(957): warning C4244: '=': conversion from 'double' to 'uint64_t', possible loss of data
d:\cbis\github\recode\src\pyrecode\pyrecode.cpp(132): warning C4244: '=': conversion from 'double' to 'uint64_t', possible loss of data
d:\cbis\github\recode\src\pyrecode\pyrecode.cpp(151): warning C4244: '=': conversion from 'double' to 'uint8_t', possible loss of data
d:\cbis\github\recode\src\pyrecode\pyrecode.cpp(153): warning C4244: '=': conversion from 'double' to 'uint32_t', possible loss of data
d:\cbis\github\recode\src\pyrecode\pyrecode.cpp(154): warning C4244: '=': conversion from 'double' to 'uint32_t', possible loss of data
d:\cbis\github\recode\src\pyrecode\pyrecode.cpp(218): warning C4101: 'data': unreferenced local variable
d:\cbis\github\recode\src\pyrecode\pyrecode.cpp(218): warning C4101: 'compressedData': unreferenced local variable
d:\cbis\github\recode\src\pyrecode\pyrecode.cpp(240): warning C4101: 'deCompressedData': unreferenced local variable
d:\cbis\github\recode\src\pyrecode\pyrecode.cpp(240): warning C4101: 'compressedData': unreferenced local variable
d:\cbis\github\recode\src\commons.h(202): warning C4715: 'loadData': not all control paths return a value
d:\cbis\github\recode\src\argparser.h(189): warning C4715: 'validate_input_params': not all control paths return a value
     Creating library D:\cbis\GitHub\ReCoDe\win32\x64\Debug\PyReCoDe_d.lib and object D:\cbis\GitHub\ReCoDe\win32\x64\Debug\PyReCoDe_d.exp
  PyReCoDe.vcxproj -> D:\cbis\GitHub\ReCoDe\win32\x64\Debug\PyReCoDe_d.pyd
  PyReCoDe.vcxproj -> D:\cbis\GitHub\ReCoDe\win32\x64\Debug\PyReCoDe_d.pdb (Full PDB)
