  fly.cpp
D:\cbis\GitHub\ReCoDe\include\win32\dirent.h(1102): warning C4267: 'argument': conversion from 'size_t' to 'int', possible loss of data
D:\cbis\GitHub\ReCoDe\include\win32\dirent.h(1185): warning C4267: 'argument': conversion from 'size_t' to 'int', possible loss of data
d:\cbis\github\recode\src\initparser.h(230): warning C4477: 'printf' : format string '%d' requires an argument of type 'int', but variadic argument 1 has type 'int64_t'
  d:\cbis\github\recode\src\initparser.h(230): note: consider using '%lld' in the format string
  d:\cbis\github\recode\src\initparser.h(230): note: consider using '%Id' in the format string
  d:\cbis\github\recode\src\initparser.h(230): note: consider using '%I64d' in the format string
d:\cbis\github\recode\src\initparser.h(254): warning C4477: 'printf' : format string '%s' requires an argument of type 'char *', but variadic argument 1 has type 'int'
d:\cbis\github\recode\src\initparser.h(254): warning C4313: 'printf': '%s' in format string conflicts with argument 1 of type 'int'
d:\cbis\github\recode\src\recode_utils.h(103): warning C4267: 'initializing': conversion from 'size_t' to 'int', possible loss of data
d:\cbis\github\recode\src\mrchandler.h(123): warning C4244: 'argument': conversion from 'uint64_t' to 'long', possible loss of data
d:\cbis\github\recode\src\mrchandler.h(128): warning C4244: 'argument': conversion from 'uint64_t' to 'double', possible loss of data
d:\cbis\github\recode\src\mrchandler.h(128): warning C4244: 'initializing': conversion from 'double' to 'uint64_t', possible loss of data
d:\cbis\github\recode\src\mrchandler.h(134): warning C4477: 'printf' : format string '%lu' requires an argument of type 'unsigned long', but variadic argument 1 has type 'uint64_t'
  d:\cbis\github\recode\src\mrchandler.h(134): note: consider using '%llu' in the format string
  d:\cbis\github\recode\src\mrchandler.h(134): note: consider using '%Iu' in the format string
  d:\cbis\github\recode\src\mrchandler.h(134): note: consider using '%I64u' in the format string
d:\cbis\github\recode\src\mrchandler.h(135): warning C4477: 'printf' : format string '%lu' requires an argument of type 'unsigned long', but variadic argument 1 has type 'uint64_t'
  d:\cbis\github\recode\src\mrchandler.h(135): note: consider using '%llu' in the format string
  d:\cbis\github\recode\src\mrchandler.h(135): note: consider using '%Iu' in the format string
  d:\cbis\github\recode\src\mrchandler.h(135): note: consider using '%I64u' in the format string
d:\cbis\github\recode\src\sequence_reader.h(206): warning C4244: 'argument': conversion from 'uint64_t' to 'long', possible loss of data
d:\cbis\github\recode\src\sequence_reader.h(221): warning C4244: 'argument': conversion from 'uint64_t' to 'long', possible loss of data
d:\cbis\github\recode\src\sequence_reader.h(242): warning C4244: 'argument': conversion from 'uint64_t' to 'long', possible loss of data
d:\cbis\github\recode\src\sequence_reader.h(256): warning C4477: 'printf' : format string '%d' requires an argument of type 'int', but variadic argument 2 has type 'uint64_t'
  d:\cbis\github\recode\src\sequence_reader.h(256): note: consider using '%lld' in the format string
  d:\cbis\github\recode\src\sequence_reader.h(256): note: consider using '%Id' in the format string
  d:\cbis\github\recode\src\sequence_reader.h(256): note: consider using '%I64d' in the format string
d:\cbis\github\recode\src\sequence_reader.h(256): warning C4477: 'printf' : format string '%d' requires an argument of type 'int', but variadic argument 3 has type 'uint64_t'
  d:\cbis\github\recode\src\sequence_reader.h(256): note: consider using '%lld' in the format string
  d:\cbis\github\recode\src\sequence_reader.h(256): note: consider using '%Id' in the format string
  d:\cbis\github\recode\src\sequence_reader.h(256): note: consider using '%I64d' in the format string
d:\cbis\github\recode\src\sequence_reader.h(374): warning C4244: '=': conversion from 'uint64_t' to 'uint32_t', possible loss of data
d:\cbis\github\recode\src\commons.h(68): warning C4018: '<': signed/unsigned mismatch
d:\cbis\github\recode\src\commons.h(69): warning C4018: '<': signed/unsigned mismatch
d:\cbis\github\recode\src\commons.h(11): warning C4477: 'printf' : format string '%lu' requires an argument of type 'unsigned long', but variadic argument 1 has type 'uint64_t'
  d:\cbis\github\recode\src\commons.h(11): note: consider using '%llu' in the format string
  d:\cbis\github\recode\src\commons.h(11): note: consider using '%Iu' in the format string
  d:\cbis\github\recode\src\commons.h(11): note: consider using '%I64u' in the format string
d:\cbis\github\recode\src\commons.h(130): warning C4244: 'argument': conversion from 'uint64_t' to 'long', possible loss of data
d:\cbis\github\recode\src\commons.h(135): warning C4244: 'argument': conversion from 'uint64_t' to 'double', possible loss of data
d:\cbis\github\recode\src\commons.h(135): warning C4244: 'initializing': conversion from 'double' to 'uint64_t', possible loss of data
d:\cbis\github\recode\src\commons.h(141): warning C4477: 'printf' : format string '%lu' requires an argument of type 'unsigned long', but variadic argument 1 has type 'uint64_t'
  d:\cbis\github\recode\src\commons.h(141): note: consider using '%llu' in the format string
  d:\cbis\github\recode\src\commons.h(141): note: consider using '%Iu' in the format string
  d:\cbis\github\recode\src\commons.h(141): note: consider using '%I64u' in the format string
d:\cbis\github\recode\src\commons.h(142): warning C4477: 'printf' : format string '%lu' requires an argument of type 'unsigned long', but variadic argument 1 has type 'uint64_t'
  d:\cbis\github\recode\src\commons.h(142): note: consider using '%llu' in the format string
  d:\cbis\github\recode\src\commons.h(142): note: consider using '%Iu' in the format string
  d:\cbis\github\recode\src\commons.h(142): note: consider using '%I64u' in the format string
d:\cbis\github\recode\src\commons.h(143): warning C4477: 'printf' : format string '%llu' requires an argument of type 'unsigned __int64', but variadic argument 1 has type 'uint32_t'
  d:\cbis\github\recode\src\commons.h(143): note: consider using '%u' in the format string
  d:\cbis\github\recode\src\commons.h(143): note: consider using '%I32u' in the format string
d:\cbis\github\recode\src\commons.h(224): warning C4244: '=': conversion from 'uint64_t' to 'uint32_t', possible loss of data
d:\cbis\github\recode\src\commons.h(244): warning C4244: 'initializing': conversion from 'double' to 'float', possible loss of data
d:\cbis\github\recode\src\commons.h(217): warning C4101: 'dark_subtracted_pixval': unreferenced local variable
d:\cbis\github\recode\src\compressor.h(68): warning C4244: 'initializing': conversion from 'double' to 'float', possible loss of data
d:\cbis\github\recode\src\compressor.h(112): warning C4244: 'initializing': conversion from 'double' to 'float', possible loss of data
d:\cbis\github\recode\src\fileutils.h(24): warning C4477: 'fprintf' : format string '%s' requires an argument of type 'char *', but variadic argument 1 has type 'int'
d:\cbis\github\recode\src\fileutils.h(24): warning C4313: 'fprintf': '%s' in format string conflicts with argument 1 of type 'int'
d:\cbis\github\recode\src\fileutils.h(104): warning C4244: 'initializing': conversion from 'uint64_t' to 'long', possible loss of data
d:\cbis\github\recode\src\argparser.h(26): warning C4244: '=': conversion from 'unsigned short' to 'unsigned char', possible loss of data
d:\cbis\github\recode\src\L1.h(29): warning C4244: '=': conversion from 'uint64_t' to 'uint32_t', possible loss of data
d:\cbis\github\recode\src\L1.h(66): warning C4244: 'initializing': conversion from 'double' to 'float', possible loss of data
d:\cbis\github\recode\src\L1.h(84): warning C4244: 'initializing': conversion from 'double' to 'unsigned short', possible loss of data
d:\cbis\github\recode\src\L1.h(96): warning C4018: '<': signed/unsigned mismatch
d:\cbis\github\recode\src\L1.h(125): warning C4244: 'initializing': conversion from 'double' to 'float', possible loss of data
d:\cbis\github\recode\src\L1.h(151): warning C4244: 'initializing': conversion from 'uint64_t' to 'uint32_t', possible loss of data
d:\cbis\github\recode\src\L1.h(155): warning C4244: '=': conversion from 'double' to 'uint32_t', possible loss of data
d:\cbis\github\recode\src\L1.h(179): warning C4244: 'initializing': conversion from 'double' to 'uint32_t', possible loss of data
d:\cbis\github\recode\src\L1.h(239): warning C4476: 'printf' : unknown type field character '(' in format specifier
d:\cbis\github\recode\src\L1.h(250): warning C4476: 'printf' : unknown type field character '(' in format specifier
d:\cbis\github\recode\src\L1.h(281): warning C4244: 'initializing': conversion from 'double' to 'uint32_t', possible loss of data
d:\cbis\github\recode\src\L1.h(374): warning C4244: 'initializing': conversion from 'uint64_t' to 'uint32_t', possible loss of data
d:\cbis\github\recode\src\L1.h(375): warning C4244: 'initializing': conversion from 'double' to 'uint32_t', possible loss of data
d:\cbis\github\recode\src\L1.h(380): warning C4244: 'argument': conversion from 'double' to 'std::size_t', possible loss of data
d:\cbis\github\recode\src\L1.h(382): warning C4244: 'argument': conversion from 'double' to 'std::size_t', possible loss of data
d:\cbis\github\recode\src\L1.h(418): warning C4244: 'argument': conversion from 'unsigned short' to 'uint8_t', possible loss of data
d:\cbis\github\recode\src\L1.h(512): warning C4018: '<': signed/unsigned mismatch
d:\cbis\github\recode\src\L1.h(568): warning C4244: 'initializing': conversion from 'double' to 'uint32_t', possible loss of data
d:\cbis\github\recode\src\L1.h(569): warning C4244: 'initializing': conversion from 'double' to 'uint32_t', possible loss of data
d:\cbis\github\recode\src\L1.h(608): warning C4244: 'initializing': conversion from 'double' to 'float', possible loss of data
d:\cbis\github\recode\src\L1.h(624): warning C4244: 'initializing': conversion from 'double' to 'uint8_t', possible loss of data
d:\cbis\github\recode\src\L1.h(627): warning C4244: 'initializing': conversion from 'double' to 'uint32_t', possible loss of data
d:\cbis\github\recode\src\L1.h(628): warning C4244: 'initializing': conversion from 'double' to 'uint32_t', possible loss of data
d:\cbis\github\recode\src\L1.h(652): warning C4244: '=': conversion from 'double' to 'uint64_t', possible loss of data
d:\cbis\github\recode\src\L1.h(681): warning C4244: '=': conversion from 'uint64_t' to 'uint32_t', possible loss of data
d:\cbis\github\recode\src\L1.h(684): warning C4244: '+=': conversion from 'uint64_t' to 'uint16_t', possible loss of data
d:\cbis\github\recode\src\L1.h(711): warning C4244: 'initializing': conversion from 'double' to 'uint8_t', possible loss of data
d:\cbis\github\recode\src\L1.h(714): warning C4244: 'initializing': conversion from 'double' to 'uint32_t', possible loss of data
d:\cbis\github\recode\src\L1.h(715): warning C4244: 'initializing': conversion from 'double' to 'uint32_t', possible loss of data
d:\cbis\github\recode\src\L1.h(739): warning C4244: '=': conversion from 'double' to 'uint64_t', possible loss of data
d:\cbis\github\recode\src\L1.h(769): warning C4244: '=': conversion from 'uint64_t' to 'uint32_t', possible loss of data
d:\cbis\github\recode\src\L1.h(772): warning C4244: '+=': conversion from 'uint64_t' to 'uint16_t', possible loss of data
d:\cbis\github\recode\src\L1.h(898): warning C4244: '=': conversion from 'uint64_t' to 'uint32_t', possible loss of data
d:\cbis\github\recode\src\L1.h(900): warning C4244: '+=': conversion from 'uint64_t' to 'uint16_t', possible loss of data
d:\cbis\github\recode\src\L1.h(925): warning C4244: 'initializing': conversion from 'double' to 'uint8_t', possible loss of data
d:\cbis\github\recode\src\L1.h(928): warning C4244: 'initializing': conversion from 'double' to 'uint32_t', possible loss of data
d:\cbis\github\recode\src\L1.h(929): warning C4244: 'initializing': conversion from 'double' to 'uint32_t', possible loss of data
d:\cbis\github\recode\src\L1.h(953): warning C4244: '=': conversion from 'double' to 'uint64_t', possible loss of data
d:\cbis\github\recode\src\L1.h(976): warning C4244: 'initializing': conversion from 'double' to 'uint8_t', possible loss of data
d:\cbis\github\recode\src\L1.h(979): warning C4244: 'initializing': conversion from 'double' to 'uint32_t', possible loss of data
d:\cbis\github\recode\src\L1.h(980): warning C4244: 'initializing': conversion from 'double' to 'uint32_t', possible loss of data
d:\cbis\github\recode\src\L1.h(999): warning C4244: '=': conversion from 'double' to 'uint64_t', possible loss of data
d:\cbis\github\recode\src\L2.h(40): warning C4244: '=': conversion from 'uint64_t' to 'uint32_t', possible loss of data
d:\cbis\github\recode\src\L2.h(41): warning C4244: '=': conversion from 'uint64_t' to 'uint32_t', possible loss of data
d:\cbis\github\recode\src\L2.h(42): warning C4244: '=': conversion from 'uint64_t' to 'uint32_t', possible loss of data
d:\cbis\github\recode\src\L2.h(48): warning C4244: '=': conversion from 'uint64_t' to 'uint32_t', possible loss of data
d:\cbis\github\recode\src\L2.h(49): warning C4244: '=': conversion from 'uint64_t' to 'uint32_t', possible loss of data
d:\cbis\github\recode\src\L2.h(50): warning C4244: '=': conversion from 'uint64_t' to 'uint32_t', possible loss of data
d:\cbis\github\recode\src\L2.h(98): warning C4244: '=': conversion from 'uint64_t' to 'uint32_t', possible loss of data
d:\cbis\github\recode\src\L2.h(116): warning C4018: '<': signed/unsigned mismatch
d:\cbis\github\recode\src\L2.h(120): warning C4244: '=': conversion from 'uint64_t' to 'uint32_t', possible loss of data
d:\cbis\github\recode\src\L2.h(138): warning C4244: '/=': conversion from 'double' to 'float', possible loss of data
d:\cbis\github\recode\src\L2.h(139): warning C4244: '/=': conversion from 'double' to 'float', possible loss of data
d:\cbis\github\recode\src\L2.h(17): warning C4101: 'row': unreferenced local variable
d:\cbis\github\recode\src\L2.h(17): warning C4101: 'col': unreferenced local variable
d:\cbis\github\recode\src\L2.h(164): warning C4018: '<': signed/unsigned mismatch
d:\cbis\github\recode\src\L2.h(216): warning C4244: 'initializing': conversion from 'double' to 'uint32_t', possible loss of data
d:\cbis\github\recode\src\L2.h(226): warning C4244: 'initializing': conversion from 'uint64_t' to 'uint32_t', possible loss of data
d:\cbis\github\recode\src\L2.h(248): warning C4244: 'initializing': conversion from 'uint64_t' to 'uint32_t', possible loss of data
d:\cbis\github\recode\src\L2.h(253): warning C4244: '=': conversion from 'double' to 'uint32_t', possible loss of data
d:\cbis\github\recode\src\L2.h(258): warning C4244: '=': conversion from 'double' to 'uint32_t', possible loss of data
d:\cbis\github\recode\src\L2.h(263): warning C4244: 'initializing': conversion from 'double' to 'float', possible loss of data
d:\cbis\github\recode\src\L2.h(339): warning C4244: 'initializing': conversion from 'uint64_t' to 'uint32_t', possible loss of data
d:\cbis\github\recode\src\L2.h(340): warning C4244: 'initializing': conversion from 'double' to 'uint32_t', possible loss of data
d:\cbis\github\recode\src\L3.h(22): warning C4244: '=': conversion from 'uint64_t' to 'uint32_t', possible loss of data
d:\cbis\github\recode\src\L3.h(40): warning C4244: 'initializing': conversion from 'double' to 'float', possible loss of data
d:\cbis\github\recode\src\L3.h(62): warning C4244: 'initializing': conversion from 'uint64_t' to 'uint32_t', possible loss of data
d:\cbis\github\recode\src\L3.h(85): warning C4244: 'initializing': conversion from 'double' to 'uint32_t', possible loss of data
d:\cbis\github\recode\src\L3.h(125): warning C4244: 'initializing': conversion from 'double' to 'uint32_t', possible loss of data
d:\cbis\github\recode\src\L3.h(178): warning C4244: 'initializing': conversion from 'uint64_t' to 'uint32_t', possible loss of data
d:\cbis\github\recode\src\L3.h(179): warning C4244: 'initializing': conversion from 'double' to 'uint32_t', possible loss of data
d:\cbis\github\recode\src\L3.h(208): warning C4244: 'argument': conversion from 'unsigned short' to 'uint8_t', possible loss of data
d:\cbis\github\recode\src\L4.h(38): warning C4244: '=': conversion from 'uint64_t' to 'uint32_t', possible loss of data
d:\cbis\github\recode\src\L4.h(39): warning C4244: '=': conversion from 'uint64_t' to 'uint32_t', possible loss of data
d:\cbis\github\recode\src\L4.h(40): warning C4244: '=': conversion from 'uint64_t' to 'uint32_t', possible loss of data
d:\cbis\github\recode\src\L4.h(46): warning C4244: '=': conversion from 'uint64_t' to 'uint32_t', possible loss of data
d:\cbis\github\recode\src\L4.h(47): warning C4244: '=': conversion from 'uint64_t' to 'uint32_t', possible loss of data
d:\cbis\github\recode\src\L4.h(48): warning C4244: '=': conversion from 'uint64_t' to 'uint32_t', possible loss of data
d:\cbis\github\recode\src\L4.h(95): warning C4244: '=': conversion from 'uint64_t' to 'uint32_t', possible loss of data
d:\cbis\github\recode\src\L4.h(109): warning C4018: '<': signed/unsigned mismatch
d:\cbis\github\recode\src\L4.h(113): warning C4244: '=': conversion from 'uint64_t' to 'uint32_t', possible loss of data
d:\cbis\github\recode\src\L4.h(131): warning C4244: '/=': conversion from 'double' to 'float', possible loss of data
d:\cbis\github\recode\src\L4.h(132): warning C4244: '/=': conversion from 'double' to 'float', possible loss of data
d:\cbis\github\recode\src\L4.h(17): warning C4101: 'row': unreferenced local variable
d:\cbis\github\recode\src\L4.h(17): warning C4101: 'col': unreferenced local variable
d:\cbis\github\recode\src\L4.h(176): warning C4244: 'initializing': conversion from 'double' to 'uint32_t', possible loss of data
d:\cbis\github\recode\src\L4.h(197): warning C4244: 'initializing': conversion from 'uint64_t' to 'uint32_t', possible loss of data
d:\cbis\github\recode\src\L4.h(202): warning C4244: '=': conversion from 'double' to 'uint32_t', possible loss of data
d:\cbis\github\recode\src\L4.h(207): warning C4244: 'initializing': conversion from 'double' to 'float', possible loss of data
d:\cbis\github\recode\src\L4.h(209): warning C4477: 'printf' : format string '%f' requires an argument of type 'double', but variadic argument 4 has type 'uint64_t'
d:\cbis\github\recode\src\L4.h(274): warning C4244: 'initializing': conversion from 'uint64_t' to 'uint32_t', possible loss of data
d:\cbis\github\recode\src\L4.h(275): warning C4244: 'initializing': conversion from 'double' to 'uint32_t', possible loss of data
d:\cbis\github\recode\src\L4.h(369): warning C4244: 'initializing': conversion from 'double' to 'uint32_t', possible loss of data
d:\cbis\github\recode\src\L4.h(383): warning C4018: '<': signed/unsigned mismatch
d:\cbis\github\recode\src\L4.h(458): warning C4244: 'initializing': conversion from 'double' to 'float', possible loss of data
d:\cbis\github\recode\src\L4.h(471): warning C4244: 'initializing': conversion from 'double' to 'uint32_t', possible loss of data
d:\cbis\github\recode\src\L4.h(510): warning C4477: 'printf' : format string '%d' requires an argument of type 'int', but variadic argument 1 has type 'uint64_t'
  d:\cbis\github\recode\src\L4.h(510): note: consider using '%lld' in the format string
  d:\cbis\github\recode\src\L4.h(510): note: consider using '%Id' in the format string
  d:\cbis\github\recode\src\L4.h(510): note: consider using '%I64d' in the format string
d:\cbis\github\recode\src\L4.h(521): warning C4244: 'initializing': conversion from 'double' to 'uint32_t', possible loss of data
d:\cbis\github\recode\src\L4.h(560): warning C4474: 'printf' : too many arguments passed for format string
  d:\cbis\github\recode\src\L4.h(560): note: placeholders and their parameters expect 1 variadic arguments, but 2 were provided
d:\cbis\github\recode\src\L4.h(577): warning C4244: 'argument': conversion from 'uint64_t' to 'long', possible loss of data
d:\cbis\github\recode\src\L4.h(575): warning C4474: 'printf' : too many arguments passed for format string
  d:\cbis\github\recode\src\L4.h(575): note: placeholders and their parameters expect 1 variadic arguments, but 2 were provided
d:\cbis\github\recode\src\L4.h(618): warning C4244: 'initializing': conversion from 'double' to 'uint32_t', possible loss of data
d:\cbis\github\recode\src\L4.h(646): warning C4244: 'initializing': conversion from 'double' to 'uint32_t', possible loss of data
..\..\src\fly.cpp(103): warning C4244: 'initializing': conversion from 'int64_t' to 'int', possible loss of data
..\..\src\fly.cpp(107): warning C4244: 'initializing': conversion from 'double' to 'uint64_t', possible loss of data
..\..\src\fly.cpp(124): warning C4244: 'initializing': conversion from 'double' to 'uint32_t', possible loss of data
..\..\src\fly.cpp(149): warning C4244: 'initializing': conversion from 'uint64_t' to 'uint32_t', possible loss of data
..\..\src\fly.cpp(222): warning C4244: '=': conversion from 'float' to 'uint64_t', possible loss of data
..\..\src\fly.cpp(223): warning C4244: '=': conversion from 'float' to 'uint64_t', possible loss of data
..\..\src\fly.cpp(224): warning C4244: '=': conversion from 'float' to 'uint64_t', possible loss of data
..\..\src\fly.cpp(225): warning C4244: '=': conversion from 'float' to 'uint64_t', possible loss of data
..\..\src\fly.cpp(226): warning C4244: '=': conversion from 'float' to 'uint64_t', possible loss of data
..\..\src\fly.cpp(267): warning C4244: 'initializing': conversion from 'double' to 'uint64_t', possible loss of data
..\..\src\fly.cpp(343): warning C4244: 'argument': conversion from 'unsigned short' to 'uint8_t', possible loss of data
..\..\src\fly.cpp(343): warning C4244: 'argument': conversion from 'uint64_t' to 'uint32_t', possible loss of data
..\..\src\fly.cpp(382): warning C4244: '+=': conversion from 'uint64_t' to 'uint32_t', possible loss of data
..\..\src\fly.cpp(290): warning C4477: 'printf' : format string '%d' requires an argument of type 'int', but variadic argument 2 has type 'uint64_t'
  ..\..\src\fly.cpp(290): note: consider using '%lld' in the format string
  ..\..\src\fly.cpp(290): note: consider using '%Id' in the format string
  ..\..\src\fly.cpp(290): note: consider using '%I64d' in the format string
..\..\src\fly.cpp(290): warning C4477: 'printf' : format string '%d' requires an argument of type 'int', but variadic argument 3 has type 'uint64_t'
  ..\..\src\fly.cpp(290): note: consider using '%lld' in the format string
  ..\..\src\fly.cpp(290): note: consider using '%Id' in the format string
  ..\..\src\fly.cpp(290): note: consider using '%I64d' in the format string
..\..\src\fly.cpp(302): warning C4477: 'printf' : format string '%d' requires an argument of type 'int', but variadic argument 2 has type 'uint64_t'
  ..\..\src\fly.cpp(302): note: consider using '%lld' in the format string
  ..\..\src\fly.cpp(302): note: consider using '%Id' in the format string
  ..\..\src\fly.cpp(302): note: consider using '%I64d' in the format string
..\..\src\fly.cpp(312): warning C4477: 'printf' : format string '%d' requires an argument of type 'int', but variadic argument 2 has type 'uint64_t'
  ..\..\src\fly.cpp(312): note: consider using '%lld' in the format string
  ..\..\src\fly.cpp(312): note: consider using '%Id' in the format string
  ..\..\src\fly.cpp(312): note: consider using '%I64d' in the format string
..\..\src\fly.cpp(309): warning C4101: '_temp_n_labels': unreferenced local variable
..\..\src\fly.cpp(603): warning C4477: 'printf' : format string '%d' requires an argument of type 'int', but variadic argument 1 has type 'std::size_t'
  ..\..\src\fly.cpp(603): note: consider using '%zd' in the format string
  Generating code
d:\cbis\github\recode\src\commons.h(202): warning C4715: 'loadData': not all control paths return a value
d:\cbis\github\recode\src\initparser.h(231): warning C4715: 'parse_recode_server_init_params': not all control paths return a value
  All 82 functions were compiled because no usable IPDB/IOBJ from previous compilation was found.
  Finished generating code
  OnTheFlyReCoDe.vcxproj -> D:\cbis\GitHub\ReCoDe\win32\x64\Release\OnTheFlyReCoDe.exe
  OnTheFlyReCoDe.vcxproj -> D:\cbis\GitHub\ReCoDe\win32\x64\Release\OnTheFlyReCoDe.pdb (Full PDB)
